{"meta": {"format": 3, "version": "7.13.5", "timestamp": "2026-05-27T22:00:52.026930", "branch_coverage": false, "show_contexts": false}, "files": {"metbit/STOCSY.py": {"executed_lines": [3, 4, 6, 7, 8, 9, 11, 12, 13, 14, 19], "summary": {"covered_lines": 11, "num_statements": 31, "percent_covered": 35.483870967741936, "percent_covered_display": "35", "missing_lines": 20, "excluded_lines": 0, "percent_statements_covered": 35.483870967741936, "percent_statements_covered_display": "35"}, "missing_lines": [54, 57, 60, 63, 64, 66, 68, 69, 70, 72, 73, 76, 79, 82, 83, 95, 96, 108, 120, 122], "excluded_lines": [], "functions": {"STOCSY": {"executed_lines": [], "summary": {"covered_lines": 0, "num_statements": 20, "percent_covered": 0.0, "percent_covered_display": "0", "missing_lines": 20, "excluded_lines": 0, "percent_statements_covered": 0.0, "percent_statements_covered_display": "0"}, "missing_lines": [54, 57, 60, 63, 64, 66, 68, 69, 70, 72, 73, 76, 79, 82, 83, 95, 96, 108, 120, 122], "excluded_lines": [], "start_line": 19}, "": {"executed_lines": [3, 4, 6, 7, 8, 9, 11, 12, 13, 14, 19], "summary": {"covered_lines": 11, "num_statements": 11, "percent_covered": 100.0, "percent_covered_display": "100", "missing_lines": 0, "excluded_lines": 0, "percent_statements_covered": 100.0, "percent_statements_covered_display": "100"}, "missing_lines": [], "excluded_lines": [], "start_line": 1}}, "classes": {"": {"executed_lines": [3, 4, 6, 7, 8, 9, 11, 12, 13, 14, 19], "summary": {"covered_lines": 11, "num_statements": 31, "percent_covered": 35.483870967741936, "percent_covered_display": "35", "missing_lines": 20, "excluded_lines": 0, "percent_statements_covered": 35.483870967741936, "percent_statements_covered_display": "35"}, "missing_lines": [54, 57, 60, 63, 64, 66, 68, 69, 70, 72, 73, 76, 79, 82, 83, 95, 96, 108, 120, 122], "excluded_lines": [], "start_line": 1}}}, "metbit/__init__.py": {"executed_lines": [4, 5, 6, 9, 10, 11, 12, 13, 14, 15, 16, 17, 18, 19, 22, 23, 24, 25, 26, 29, 32], "summary": {"covered_lines": 21, "num_statements": 21, "percent_covered": 100.0, "percent_covered_display": "100", "missing_lines": 0, "excluded_lines": 0, "percent_statements_covered": 100.0, "percent_statements_covered_display": "100"}, "missing_lines": [], "excluded_lines": [], "functions": {"": {"executed_lines": [4, 5, 6, 9, 10, 11, 12, 13, 14, 15, 16, 17, 18, 19, 22, 23, 24, 25, 26, 29, 32], "summary": {"covered_lines": 21, "num_statements": 21, "percent_covered": 100.0, "percent_covered_display": "100", "missing_lines": 0, "excluded_lines": 0, "percent_statements_covered": 100.0, "percent_statements_covered_display": "100"}, "missing_lines": [], "excluded_lines": [], "start_line": 1}}, "classes": {"": {"executed_lines": [4, 5, 6, 9, 10, 11, 12, 13, 14, 15, 16, 17, 18, 19, 22, 23, 24, 25, 26, 29, 32], "summary": {"covered_lines": 21, "num_statements": 21, "percent_covered": 100.0, "percent_covered_display": "100", "missing_lines": 0, "excluded_lines": 0, "percent_statements_covered": 100.0, "percent_statements_covered_display": "100"}, "missing_lines": [], "excluded_lines": [], "start_line": 1}}}, "metbit/alignment.py": {"executed_lines": [16, 18, 19, 20, 21, 22, 25, 33, 75, 76, 77, 78, 79, 80, 81, 84, 143, 225, 234, 239, 268], "summary": {"covered_lines": 21, "num_statements": 146, "percent_covered": 14.383561643835616, "percent_covered_display": "14", "missing_lines": 125, "excluded_lines": 0, "percent_statements_covered": 14.383561643835616, "percent_statements_covered_display": "14"}, "missing_lines": [27, 28, 29, 30, 42, 43, 44, 45, 46, 49, 50, 51, 52, 54, 57, 58, 59, 61, 63, 64, 66, 67, 68, 69, 70, 71, 72, 104, 105, 106, 109, 110, 111, 112, 113, 116, 117, 118, 120, 121, 122, 123, 124, 126, 127, 128, 131, 132, 133, 134, 135, 136, 137, 138, 139, 140, 163, 164, 165, 166, 168, 171, 173, 174, 176, 178, 180, 182, 183, 184, 186, 187, 188, 190, 191, 194, 195, 197, 198, 199, 200, 201, 202, 204, 205, 206, 207, 208, 210, 211, 212, 213, 214, 216, 217, 218, 219, 221, 222, 235, 236, 237, 241, 242, 244, 245, 246, 247, 248, 249, 250, 251, 252, 253, 255, 256, 257, 259, 260, 261, 262, 263, 265, 266, 269], "excluded_lines": [], "functions": {"_binomial_ratios": {"executed_lines": [], "summary": {"covered_lines": 0, "num_statements": 4, "percent_covered": 0.0, "percent_covered_display": "0", "missing_lines": 4, "excluded_lines": 0, "percent_statements_covered": 0.0, "percent_statements_covered_display": "0"}, "missing_lines": [27, 28, 29, 30], "excluded_lines": [], "start_line": 25}, "_classify_pattern": {"executed_lines": [], "summary": {"covered_lines": 0, "num_statements": 22, "percent_covered": 0.0, "percent_covered_display": "0", "missing_lines": 22, "excluded_lines": 0, "percent_statements_covered": 0.0, "percent_statements_covered_display": "0"}, "missing_lines": [42, 43, 44, 45, 46, 49, 50, 51, 52, 54, 57, 58, 59, 61, 63, 66, 67, 68, 69, 70, 71, 72], "excluded_lines": [], "start_line": 33}, "_classify_pattern.close": {"executed_lines": [], "summary": {"covered_lines": 0, "num_statements": 1, "percent_covered": 0.0, "percent_covered_display": "0", "missing_lines": 1, "excluded_lines": 0, "percent_statements_covered": 0.0, "percent_statements_covered_display": "0"}, "missing_lines": [64], "excluded_lines": [], "start_line": 63}, "detect_multiplets": {"executed_lines": [], "summary": {"covered_lines": 0, "num_statements": 29, "percent_covered": 0.0, "percent_covered_display": "0", "missing_lines": 29, "excluded_lines": 0, "percent_statements_covered": 0.0, "percent_statements_covered_display": "0"}, "missing_lines": [104, 105, 106, 109, 110, 111, 112, 113, 116, 117, 118, 120, 121, 122, 123, 124, 126, 127, 128, 131, 132, 133, 134, 135, 136, 137, 138, 139, 140], "excluded_lines": [], "start_line": 84}, "icoshift_align": {"executed_lines": [], "summary": {"covered_lines": 0, "num_statements": 43, "percent_covered": 0.0, "percent_covered_display": "0", "missing_lines": 43, "excluded_lines": 0, "percent_statements_covered": 0.0, "percent_statements_covered_display": "0"}, "missing_lines": [163, 164, 165, 166, 168, 171, 173, 174, 176, 178, 180, 182, 183, 184, 186, 187, 188, 190, 191, 194, 195, 197, 198, 199, 200, 201, 202, 204, 205, 206, 207, 208, 210, 211, 212, 213, 214, 216, 217, 218, 219, 221, 222], "excluded_lines": [], "start_line": 143}, "PeakAligner.__init__": {"executed_lines": [], "summary": {"covered_lines": 0, "num_statements": 3, "percent_covered": 0.0, "percent_covered_display": "0", "missing_lines": 3, "excluded_lines": 0, "percent_statements_covered": 0.0, "percent_statements_covered_display": "0"}, "missing_lines": [235, 236, 237], "excluded_lines": [], "start_line": 234}, "PeakAligner.auto_windows": {"executed_lines": [], "summary": {"covered_lines": 0, "num_statements": 22, "percent_covered": 0.0, "percent_covered_display": "0", "missing_lines": 22, "excluded_lines": 0, "percent_statements_covered": 0.0, "percent_statements_covered_display": "0"}, "missing_lines": [241, 242, 244, 245, 246, 247, 248, 249, 250, 251, 252, 253, 255, 256, 257, 259, 260, 261, 262, 263, 265, 266], "excluded_lines": [], "start_line": 239}, "PeakAligner.align": {"executed_lines": [], "summary": {"covered_lines": 0, "num_statements": 1, "percent_covered": 0.0, "percent_covered_display": "0", "missing_lines": 1, "excluded_lines": 0, "percent_statements_covered": 0.0, "percent_statements_covered_display": "0"}, "missing_lines": [269], "excluded_lines": [], "start_line": 268}, "": {"executed_lines": [16, 18, 19, 20, 21, 22, 25, 33, 75, 76, 77, 78, 79, 80, 81, 84, 143, 225, 234, 239, 268], "summary": {"covered_lines": 21, "num_statements": 21, "percent_covered": 100.0, "percent_covered_display": "100", "missing_lines": 0, "excluded_lines": 0, "percent_statements_covered": 100.0, "percent_statements_covered_display": "100"}, "missing_lines": [], "excluded_lines": [], "start_line": 1}}, "classes": {"Multiplet": {"executed_lines": [], "summary": {"covered_lines": 0, "num_statements": 0, "percent_covered": 100.0, "percent_covered_display": "100", "missing_lines": 0, "excluded_lines": 0, "percent_statements_covered": 100.0, "percent_statements_covered_display": "100"}, "missing_lines": [], "excluded_lines": [], "start_line": 76}, "PeakAligner": {"executed_lines": [], "summary": {"covered_lines": 0, "num_statements": 26, "percent_covered": 0.0, "percent_covered_display": "0", "missing_lines": 26, "excluded_lines": 0, "percent_statements_covered": 0.0, "percent_statements_covered_display": "0"}, "missing_lines": [235, 236, 237, 241, 242, 244, 245, 246, 247, 248, 249, 250, 251, 252, 253, 255, 256, 257, 259, 260, 261, 262, 263, 265, 266, 269], "excluded_lines": [], "start_line": 225}, "": {"executed_lines": [16, 18, 19, 20, 21, 22, 25, 33, 75, 76, 77, 78, 79, 80, 81, 84, 143, 225, 234, 239, 268], "summary": {"covered_lines": 21, "num_statements": 120, "percent_covered": 17.5, "percent_covered_display": "18", "missing_lines": 99, "excluded_lines": 0, "percent_statements_covered": 17.5, "percent_statements_covered_display": "18"}, "missing_lines": [27, 28, 29, 30, 42, 43, 44, 45, 46, 49, 50, 51, 52, 54, 57, 58, 59, 61, 63, 64, 66, 67, 68, 69, 70, 71, 72, 104, 105, 106, 109, 110, 111, 112, 113, 116, 117, 118, 120, 121, 122, 123, 124, 126, 127, 128, 131, 132, 133, 134, 135, 136, 137, 138, 139, 140, 163, 164, 165, 166, 168, 171, 173, 174, 176, 178, 180, 182, 183, 184, 186, 187, 188, 190, 191, 194, 195, 197, 198, 199, 200, 201, 202, 204, 205, 206, 207, 208, 210, 211, 212, 213, 214, 216, 217, 218, 219, 221, 222], "excluded_lines": [], "start_line": 1}}}, "metbit/annotate_peak.py": {"executed_lines": [1, 2, 3, 4, 5, 6, 7, 8, 9, 10, 13, 15, 16, 19, 20, 23, 25, 26, 27, 28, 31, 52, 83, 297, 433, 624, 629], "summary": {"covered_lines": 27, "num_statements": 208, "percent_covered": 12.98076923076923, "percent_covered_display": "13", "missing_lines": 181, "excluded_lines": 0, "percent_statements_covered": 12.98076923076923, "percent_statements_covered_display": "13"}, "missing_lines": [17, 54, 55, 56, 57, 60, 61, 62, 64, 65, 67, 68, 69, 70, 72, 73, 74, 77, 78, 79, 80, 84, 200, 298, 300, 301, 304, 305, 306, 307, 308, 309, 310, 311, 312, 314, 315, 316, 317, 318, 319, 320, 321, 322, 332, 333, 334, 335, 336, 337, 338, 339, 340, 350, 351, 352, 353, 354, 355, 357, 369, 380, 430, 434, 437, 438, 441, 449, 450, 451, 452, 454, 455, 456, 459, 460, 461, 464, 467, 487, 490, 491, 492, 493, 495, 496, 497, 498, 499, 500, 501, 509, 510, 511, 512, 513, 514, 515, 516, 517, 518, 519, 520, 521, 522, 523, 524, 525, 526, 527, 528, 529, 530, 531, 532, 533, 534, 535, 536, 537, 538, 539, 540, 542, 543, 545, 546, 547, 548, 549, 550, 554, 557, 566, 567, 568, 569, 570, 572, 576, 577, 579, 583, 584, 585, 586, 587, 588, 589, 590, 591, 592, 593, 594, 595, 596, 597, 598, 600, 601, 602, 603, 605, 609, 610, 611, 614, 615, 616, 617, 618, 619, 620, 621, 622, 625, 630, 631, 632, 633, 634], "excluded_lines": [], "functions": {"_sanitize_annotation_text": {"executed_lines": [15, 16, 19, 20], "summary": {"covered_lines": 4, "num_statements": 5, "percent_covered": 80.0, "percent_covered_display": "80", "missing_lines": 1, "excluded_lines": 0, "percent_statements_covered": 80.0, "percent_statements_covered_display": "80"}, "missing_lines": [17], "excluded_lines": [], "start_line": 13}, "_sanitize_csv_cell": {"executed_lines": [25, 26, 27, 28], "summary": {"covered_lines": 4, "num_statements": 4, "percent_covered": 100.0, "percent_covered_display": "100", "missing_lines": 0, "excluded_lines": 0, "percent_statements_covered": 100.0, "percent_statements_covered_display": "100"}, "missing_lines": [], "excluded_lines": [], "start_line": 23}, "annotate_peak.__init__": {"executed_lines": [], "summary": {"covered_lines": 0, "num_statements": 20, "percent_covered": 0.0, "percent_covered_display": "0", "missing_lines": 20, "excluded_lines": 0, "percent_statements_covered": 0.0, "percent_statements_covered_display": "0"}, "missing_lines": [54, 55, 56, 57, 60, 61, 62, 64, 65, 67, 68, 69, 70, 72, 73, 74, 77, 78, 79, 80], "excluded_lines": [], "start_line": 52}, "annotate_peak._configure_layout": {"executed_lines": [], "summary": {"covered_lines": 0, "num_statements": 2, "percent_covered": 0.0, "percent_covered_display": "0", "missing_lines": 2, "excluded_lines": 0, "percent_statements_covered": 0.0, "percent_statements_covered_display": "0"}, "missing_lines": [84, 200], "excluded_lines": [], "start_line": 83}, "annotate_peak._figure": {"executed_lines": [], "summary": {"covered_lines": 0, "num_statements": 32, "percent_covered": 0.0, "percent_covered_display": "0", "missing_lines": 32, "excluded_lines": 0, "percent_statements_covered": 0.0, "percent_statements_covered_display": "0"}, "missing_lines": [298, 300, 301, 304, 314, 315, 316, 317, 318, 319, 320, 321, 322, 332, 333, 334, 335, 336, 337, 338, 339, 340, 350, 351, 352, 353, 354, 355, 357, 369, 380, 430], "excluded_lines": [], "start_line": 297}, "annotate_peak._figure.pick_color": {"executed_lines": [], "summary": {"covered_lines": 0, "num_statements": 8, "percent_covered": 0.0, "percent_covered_display": "0", "missing_lines": 8, "excluded_lines": 0, "percent_statements_covered": 0.0, "percent_statements_covered_display": "0"}, "missing_lines": [305, 306, 307, 308, 309, 310, 311, 312], "excluded_lines": [], "start_line": 304}, "annotate_peak._configure_callbacks": {"executed_lines": [], "summary": {"covered_lines": 0, "num_statements": 18, "percent_covered": 0.0, "percent_covered_display": "0", "missing_lines": 18, "excluded_lines": 0, "percent_statements_covered": 0.0, "percent_statements_covered_display": "0"}, "missing_lines": [434, 437, 441, 449, 459, 460, 467, 487, 545, 546, 557, 566, 572, 576, 579, 583, 614, 615], "excluded_lines": [], "start_line": 433}, "annotate_peak._configure_callbacks._show_font_size": {"executed_lines": [], "summary": {"covered_lines": 0, "num_statements": 1, "percent_covered": 0.0, "percent_covered_display": "0", "missing_lines": 1, "excluded_lines": 0, "percent_statements_covered": 0.0, "percent_statements_covered_display": "0"}, "missing_lines": [438], "excluded_lines": [], "start_line": 438}, "annotate_peak._configure_callbacks._choose_mode": {"executed_lines": [], "summary": {"covered_lines": 0, "num_statements": 6, "percent_covered": 0.0, "percent_covered_display": "0", "missing_lines": 6, "excluded_lines": 0, "percent_statements_covered": 0.0, "percent_statements_covered_display": "0"}, "missing_lines": [450, 451, 452, 454, 455, 456], "excluded_lines": [], "start_line": 449}, "annotate_peak._configure_callbacks.update_line_options": {"executed_lines": [], "summary": {"covered_lines": 0, "num_statements": 2, "percent_covered": 0.0, "percent_covered_display": "0", "missing_lines": 2, "excluded_lines": 0, "percent_statements_covered": 0.0, "percent_statements_covered_display": "0"}, "missing_lines": [461, 464], "excluded_lines": [], "start_line": 460}, "annotate_peak._configure_callbacks.update_all": {"executed_lines": [], "summary": {"covered_lines": 0, "num_statements": 45, "percent_covered": 0.0, "percent_covered_display": "0", "missing_lines": 45, "excluded_lines": 0, "percent_statements_covered": 0.0, "percent_statements_covered_display": "0"}, "missing_lines": [490, 491, 492, 493, 495, 496, 497, 498, 499, 500, 501, 509, 510, 511, 512, 513, 514, 515, 516, 517, 518, 519, 520, 521, 522, 523, 524, 525, 526, 527, 528, 529, 530, 531, 532, 533, 534, 535, 536, 537, 538, 539, 540, 542, 543], "excluded_lines": [], "start_line": 487}, "annotate_peak._configure_callbacks.render_labels": {"executed_lines": [], "summary": {"covered_lines": 0, "num_statements": 5, "percent_covered": 0.0, "percent_covered_display": "0", "missing_lines": 5, "excluded_lines": 0, "percent_statements_covered": 0.0, "percent_statements_covered_display": "0"}, "missing_lines": [547, 548, 549, 550, 554], "excluded_lines": [], "start_line": 546}, "annotate_peak._configure_callbacks.export_html": {"executed_lines": [], "summary": {"covered_lines": 0, "num_statements": 4, "percent_covered": 0.0, "percent_covered_display": "0", "missing_lines": 4, "excluded_lines": 0, "percent_statements_covered": 0.0, "percent_statements_covered_display": "0"}, "missing_lines": [567, 568, 569, 570], "excluded_lines": [], "start_line": 566}, "annotate_peak._configure_callbacks.export_json": {"executed_lines": [], "summary": {"covered_lines": 0, "num_statements": 1, "percent_covered": 0.0, "percent_covered_display": "0", "missing_lines": 1, "excluded_lines": 0, "percent_statements_covered": 0.0, "percent_statements_covered_display": "0"}, "missing_lines": [577], "excluded_lines": [], "start_line": 576}, "annotate_peak._configure_callbacks.export_intensity_table": {"executed_lines": [], "summary": {"covered_lines": 0, "num_statements": 23, "percent_covered": 0.0, "percent_covered_display": "0", "missing_lines": 23, "excluded_lines": 0, "percent_statements_covered": 0.0, "percent_statements_covered_display": "0"}, "missing_lines": [584, 585, 586, 587, 588, 589, 590, 591, 592, 593, 594, 595, 596, 597, 598, 600, 601, 602, 603, 605, 609, 610, 611], "excluded_lines": [], "start_line": 583}, "annotate_peak._configure_callbacks.show_ppm": {"executed_lines": [], "summary": {"covered_lines": 0, "num_statements": 7, "percent_covered": 0.0, "percent_covered_display": "0", "missing_lines": 7, "excluded_lines": 0, "percent_statements_covered": 0.0, "percent_statements_covered_display": "0"}, "missing_lines": [616, 617, 618, 619, 620, 621, 622], "excluded_lines": [], "start_line": 615}, "annotate_peak.run": {"executed_lines": [], "summary": {"covered_lines": 0, "num_statements": 1, "percent_covered": 0.0, "percent_covered_display": "0", "missing_lines": 1, "excluded_lines": 0, "percent_statements_covered": 0.0, "percent_statements_covered_display": "0"}, "missing_lines": [625], "excluded_lines": [], "start_line": 624}, "": {"executed_lines": [1, 2, 3, 4, 5, 6, 7, 8, 9, 10, 13, 23, 31, 52, 83, 297, 433, 624, 629], "summary": {"covered_lines": 19, "num_statements": 24, "percent_covered": 79.16666666666667, "percent_covered_display": "79", "missing_lines": 5, "excluded_lines": 0, "percent_statements_covered": 79.16666666666667, "percent_statements_covered_display": "79"}, "missing_lines": [630, 631, 632, 633, 634], "excluded_lines": [], "start_line": 1}}, "classes": {"annotate_peak": {"executed_lines": [], "summary": {"covered_lines": 0, "num_statements": 175, "percent_covered": 0.0, "percent_covered_display": "0", "missing_lines": 175, "excluded_lines": 0, "percent_statements_covered": 0.0, "percent_statements_covered_display": "0"}, "missing_lines": [54, 55, 56, 57, 60, 61, 62, 64, 65, 67, 68, 69, 70, 72, 73, 74, 77, 78, 79, 80, 84, 200, 298, 300, 301, 304, 305, 306, 307, 308, 309, 310, 311, 312, 314, 315, 316, 317, 318, 319, 320, 321, 322, 332, 333, 334, 335, 336, 337, 338, 339, 340, 350, 351, 352, 353, 354, 355, 357, 369, 380, 430, 434, 437, 438, 441, 449, 450, 451, 452, 454, 455, 456, 459, 460, 461, 464, 467, 487, 490, 491, 492, 493, 495, 496, 497, 498, 499, 500, 501, 509, 510, 511, 512, 513, 514, 515, 516, 517, 518, 519, 520, 521, 522, 523, 524, 525, 526, 527, 528, 529, 530, 531, 532, 533, 534, 535, 536, 537, 538, 539, 540, 542, 543, 545, 546, 547, 548, 549, 550, 554, 557, 566, 567, 568, 569, 570, 572, 576, 577, 579, 583, 584, 585, 586, 587, 588, 589, 590, 591, 592, 593, 594, 595, 596, 597, 598, 600, 601, 602, 603, 605, 609, 610, 611, 614, 615, 616, 617, 618, 619, 620, 621, 622, 625], "excluded_lines": [], "start_line": 31}, "": {"executed_lines": [1, 2, 3, 4, 5, 6, 7, 8, 9, 10, 13, 15, 16, 19, 20, 23, 25, 26, 27, 28, 31, 52, 83, 297, 433, 624, 629], "summary": {"covered_lines": 27, "num_statements": 33, "percent_covered": 81.81818181818181, "percent_covered_display": "82", "missing_lines": 6, "excluded_lines": 0, "percent_statements_covered": 81.81818181818181, "percent_statements_covered_display": "82"}, "missing_lines": [17, 630, 631, 632, 633, 634], "excluded_lines": [], "start_line": 1}}}, "metbit/base.py": {"executed_lines": [3, 4, 6, 7, 8, 9, 11, 12, 13, 16], "summary": {"covered_lines": 10, "num_statements": 23, "percent_covered": 43.47826086956522, "percent_covered_display": "43", "missing_lines": 13, "excluded_lines": 0, "percent_statements_covered": 43.47826086956522, "percent_statements_covered_display": "43"}, "missing_lines": [54, 55, 56, 57, 58, 59, 60, 61, 62, 63, 64, 65, 67], "excluded_lines": [], "functions": {"nipals": {"executed_lines": [], "summary": {"covered_lines": 0, "num_statements": 13, "percent_covered": 0.0, "percent_covered_display": "0", "missing_lines": 13, "excluded_lines": 0, "percent_statements_covered": 0.0, "percent_statements_covered_display": "0"}, "missing_lines": [54, 55, 56, 57, 58, 59, 60, 61, 62, 63, 64, 65, 67], "excluded_lines": [], "start_line": 16}, "": {"executed_lines": [3, 4, 6, 7, 8, 9, 11, 12, 13, 16], "summary": {"covered_lines": 10, "num_statements": 10, "percent_covered": 100.0, "percent_covered_display": "100", "missing_lines": 0, "excluded_lines": 0, "percent_statements_covered": 100.0, "percent_statements_covered_display": "100"}, "missing_lines": [], "excluded_lines": [], "start_line": 1}}, "classes": {"": {"executed_lines": [3, 4, 6, 7, 8, 9, 11, 12, 13, 16], "summary": {"covered_lines": 10, "num_statements": 23, "percent_covered": 43.47826086956522, "percent_covered_display": "43", "missing_lines": 13, "excluded_lines": 0, "percent_statements_covered": 43.47826086956522, "percent_statements_covered_display": "43"}, "missing_lines": [54, 55, 56, 57, 58, 59, 60, 61, 62, 63, 64, 65, 67], "excluded_lines": [], "start_line": 1}}}, "metbit/baseline.py": {"executed_lines": [8, 10, 11, 12, 15, 16, 20, 21, 25, 26, 30, 31, 36, 63, 115, 174], "summary": {"covered_lines": 16, "num_statements": 93, "percent_covered": 17.204301075268816, "percent_covered_display": "17", "missing_lines": 77, "excluded_lines": 8, "percent_statements_covered": 17.204301075268816, "percent_statements_covered_display": "17"}, "missing_lines": [46, 47, 49, 50, 51, 52, 53, 54, 55, 56, 57, 58, 60, 70, 71, 72, 73, 74, 75, 76, 77, 78, 79, 80, 81, 82, 83, 84, 85, 86, 87, 88, 89, 90, 91, 92, 93, 94, 95, 96, 97, 98, 99, 100, 101, 102, 103, 104, 105, 106, 107, 108, 109, 110, 111, 112, 146, 147, 149, 150, 153, 154, 155, 156, 157, 159, 160, 161, 162, 163, 165, 166, 167, 169, 170, 171, 187], "excluded_lines": [17, 18, 22, 23, 27, 28, 32, 33], "functions": {"_rubberband_baseline": {"executed_lines": [], "summary": {"covered_lines": 0, "num_statements": 12, "percent_covered": 0.0, "percent_covered_display": "0", "missing_lines": 12, "excluded_lines": 0, "percent_statements_covered": 0.0, "percent_statements_covered_display": "0"}, "missing_lines": [46, 47, 49, 50, 51, 53, 54, 55, 56, 57, 58, 60], "excluded_lines": [], "start_line": 36}, "_rubberband_baseline.cross": {"executed_lines": [], "summary": {"covered_lines": 0, "num_statements": 1, "percent_covered": 0.0, "percent_covered_display": "0", "missing_lines": 1, "excluded_lines": 0, "percent_statements_covered": 0.0, "percent_statements_covered_display": "0"}, "missing_lines": [52], "excluded_lines": [], "start_line": 51}, "_apply_baseline_1d": {"executed_lines": [], "summary": {"covered_lines": 0, "num_statements": 43, "percent_covered": 0.0, "percent_covered_display": "0", "missing_lines": 43, "excluded_lines": 0, "percent_statements_covered": 0.0, "percent_statements_covered_display": "0"}, "missing_lines": [70, 71, 72, 73, 74, 75, 76, 77, 78, 79, 80, 81, 82, 83, 84, 85, 86, 87, 88, 89, 90, 91, 92, 93, 94, 95, 96, 97, 98, 99, 100, 101, 102, 103, 104, 105, 106, 107, 108, 109, 110, 111, 112], "excluded_lines": [], "start_line": 63}, "baseline_correct": {"executed_lines": [], "summary": {"covered_lines": 0, "num_statements": 20, "percent_covered": 0.0, "percent_covered_display": "0", "missing_lines": 20, "excluded_lines": 0, "percent_statements_covered": 0.0, "percent_statements_covered_display": "0"}, "missing_lines": [146, 147, 149, 150, 153, 154, 155, 156, 157, 159, 160, 161, 162, 163, 165, 166, 167, 169, 170, 171], "excluded_lines": [], "start_line": 115}, "bline": {"executed_lines": [], "summary": {"covered_lines": 0, "num_statements": 1, "percent_covered": 0.0, "percent_covered_display": "0", "missing_lines": 1, "excluded_lines": 0, "percent_statements_covered": 0.0, "percent_statements_covered_display": "0"}, "missing_lines": [187], "excluded_lines": [], "start_line": 174}, "": {"executed_lines": [8, 10, 11, 12, 15, 16, 20, 21, 25, 26, 30, 31, 36, 63, 115, 174], "summary": {"covered_lines": 16, "num_statements": 16, "percent_covered": 100.0, "percent_covered_display": "100", "missing_lines": 0, "excluded_lines": 8, "percent_statements_covered": 100.0, "percent_statements_covered_display": "100"}, "missing_lines": [], "excluded_lines": [17, 18, 22, 23, 27, 28, 32, 33], "start_line": 1}}, "classes": {"": {"executed_lines": [8, 10, 11, 12, 15, 16, 20, 21, 25, 26, 30, 31, 36, 63, 115, 174], "summary": {"covered_lines": 16, "num_statements": 93, "percent_covered": 17.204301075268816, "percent_covered_display": "17", "missing_lines": 77, "excluded_lines": 8, "percent_statements_covered": 17.204301075268816, "percent_statements_covered_display": "17"}, "missing_lines": [46, 47, 49, 50, 51, 52, 53, 54, 55, 56, 57, 58, 60, 70, 71, 72, 73, 74, 75, 76, 77, 78, 79, 80, 81, 82, 83, 84, 85, 86, 87, 88, 89, 90, 91, 92, 93, 94, 95, 96, 97, 98, 99, 100, 101, 102, 103, 104, 105, 106, 107, 108, 109, 110, 111, 112, 146, 147, 149, 150, 153, 154, 155, 156, 157, 159, 160, 161, 162, 163, 165, 166, 167, 169, 170, 171, 187], "excluded_lines": [17, 18, 22, 23, 27, 28, 32, 33], "start_line": 1}}}, "metbit/calibrate.py": {"executed_lines": [1], "summary": {"covered_lines": 1, "num_statements": 50, "percent_covered": 2.0, "percent_covered_display": "2", "missing_lines": 49, "excluded_lines": 0, "percent_statements_covered": 2.0, "percent_statements_covered_display": "2"}, "missing_lines": [23, 24, 25, 28, 35, 44, 45, 46, 47, 48, 49, 50, 51, 52, 54, 55, 56, 58, 59, 61, 64, 65, 66, 67, 69, 70, 73, 74, 75, 77, 79, 80, 81, 83, 85, 86, 88, 89, 90, 91, 92, 94, 97, 98, 100, 101, 104, 105, 108], "excluded_lines": [], "functions": {"calibrate": {"executed_lines": [], "summary": {"covered_lines": 0, "num_statements": 49, "percent_covered": 0.0, "percent_covered_display": "0", "missing_lines": 49, "excluded_lines": 0, "percent_statements_covered": 0.0, "percent_statements_covered_display": "0"}, "missing_lines": [23, 24, 25, 28, 35, 44, 45, 46, 47, 48, 49, 50, 51, 52, 54, 55, 56, 58, 59, 61, 64, 65, 66, 67, 69, 70, 73, 74, 75, 77, 79, 80, 81, 83, 85, 86, 88, 89, 90, 91, 92, 94, 97, 98, 100, 101, 104, 105, 108], "excluded_lines": [], "start_line": 1}, "": {"executed_lines": [1], "summary": {"covered_lines": 1, "num_statements": 1, "percent_covered": 100.0, "percent_covered_display": "100", "missing_lines": 0, "excluded_lines": 0, "percent_statements_covered": 100.0, "percent_statements_covered_display": "100"}, "missing_lines": [], "excluded_lines": [], "start_line": 1}}, "classes": {"": {"executed_lines": [1], "summary": {"covered_lines": 1, "num_statements": 50, "percent_covered": 2.0, "percent_covered_display": "2", "missing_lines": 49, "excluded_lines": 0, "percent_statements_covered": 2.0, "percent_statements_covered_display": "2"}, "missing_lines": [23, 24, 25, 28, 35, 44, 45, 46, 47, 48, 49, 50, 51, 52, 54, 55, 56, 58, 59, 61, 64, 65, 66, 67, 69, 70, 73, 74, 75, 77, 79, 80, 81, 83, 85, 86, 88, 89, 90, 91, 92, 94, 97, 98, 100, 101, 104, 105, 108], "excluded_lines": [], "start_line": 1}}}, "metbit/cross_validation.py": {"executed_lines": [3, 4, 6, 7, 8, 9, 12, 13, 14, 15, 24, 27, 28, 29, 30, 31, 32, 33, 36, 60, 98, 214, 237, 262, 263, 281, 282, 300, 301, 316, 317, 327, 328, 339, 340, 357, 358, 375, 376, 387, 388, 399, 400, 424, 425, 449, 450, 468, 469, 480, 481, 492, 533, 550, 601, 635], "summary": {"covered_lines": 56, "num_statements": 241, "percent_covered": 23.236514522821576, "percent_covered_display": "23", "missing_lines": 185, "excluded_lines": 0, "percent_statements_covered": 23.236514522821576, "percent_statements_covered_display": "23"}, "missing_lines": [62, 63, 64, 65, 66, 67, 68, 71, 73, 74, 75, 76, 77, 79, 82, 83, 84, 85, 86, 87, 88, 89, 90, 91, 92, 93, 94, 95, 96, 119, 121, 123, 125, 126, 127, 128, 129, 130, 131, 132, 135, 136, 137, 138, 141, 142, 145, 146, 147, 148, 151, 154, 155, 159, 165, 166, 168, 169, 172, 173, 176, 177, 180, 181, 185, 188, 189, 191, 194, 195, 196, 197, 198, 199, 200, 203, 204, 205, 206, 207, 210, 212, 230, 232, 233, 234, 235, 251, 252, 254, 255, 258, 260, 277, 278, 279, 296, 297, 298, 311, 312, 314, 325, 337, 353, 354, 355, 371, 372, 373, 385, 397, 420, 421, 422, 445, 446, 447, 464, 465, 466, 478, 490, 506, 507, 510, 511, 514, 516, 517, 518, 522, 523, 524, 525, 527, 528, 529, 530, 531, 538, 539, 542, 545, 548, 565, 568, 569, 570, 572, 573, 574, 578, 581, 587, 591, 593, 597, 599, 612, 613, 614, 616, 617, 619, 621, 622, 624, 625, 626, 629, 632, 633, 650, 651, 654, 656, 657, 662, 663, 664, 665, 666, 668, 669], "excluded_lines": [], "functions": {"CrossValidation.__init__": {"executed_lines": [], "summary": {"covered_lines": 0, "num_statements": 29, "percent_covered": 0.0, "percent_covered_display": "0", "missing_lines": 29, "excluded_lines": 0, "percent_statements_covered": 0.0, "percent_statements_covered_display": "0"}, "missing_lines": [62, 63, 64, 65, 66, 67, 68, 71, 73, 74, 75, 76, 77, 79, 82, 83, 84, 85, 86, 87, 88, 89, 90, 91, 92, 93, 94, 95, 96], "excluded_lines": [], "start_line": 60}, "CrossValidation.fit": {"executed_lines": [], "summary": {"covered_lines": 0, "num_statements": 53, "percent_covered": 0.0, "percent_covered_display": "0", "missing_lines": 53, "excluded_lines": 0, "percent_statements_covered": 0.0, "percent_statements_covered_display": "0"}, "missing_lines": [119, 121, 123, 125, 126, 127, 128, 129, 130, 131, 132, 135, 136, 137, 138, 141, 142, 145, 146, 147, 148, 151, 154, 155, 159, 165, 166, 168, 169, 172, 173, 176, 177, 180, 181, 185, 188, 189, 191, 194, 195, 196, 197, 198, 199, 200, 203, 204, 205, 206, 207, 210, 212], "excluded_lines": [], "start_line": 98}, "CrossValidation.predict": {"executed_lines": [], "summary": {"covered_lines": 0, "num_statements": 5, "percent_covered": 0.0, "percent_covered_display": "0", "missing_lines": 5, "excluded_lines": 0, "percent_statements_covered": 0.0, "percent_statements_covered_display": "0"}, "missing_lines": [230, 232, 233, 234, 235], "excluded_lines": [], "start_line": 214}, "CrossValidation.reset_optimal_num_component": {"executed_lines": [], "summary": {"covered_lines": 0, "num_statements": 6, "percent_covered": 0.0, "percent_covered_display": "0", "missing_lines": 6, "excluded_lines": 0, "percent_statements_covered": 0.0, "percent_statements_covered_display": "0"}, "missing_lines": [251, 252, 254, 255, 258, 260], "excluded_lines": [], "start_line": 237}, "CrossValidation.orthogonal_score": {"executed_lines": [], "summary": {"covered_lines": 0, "num_statements": 3, "percent_covered": 0.0, "percent_covered_display": "0", "missing_lines": 3, "excluded_lines": 0, "percent_statements_covered": 0.0, "percent_statements_covered_display": "0"}, "missing_lines": [277, 278, 279], "excluded_lines": [], "start_line": 263}, "CrossValidation.predictive_score": {"executed_lines": [], "summary": {"covered_lines": 0, "num_statements": 3, "percent_covered": 0.0, "percent_covered_display": "0", "missing_lines": 3, "excluded_lines": 0, "percent_statements_covered": 0.0, "percent_statements_covered_display": "0"}, "missing_lines": [296, 297, 298], "excluded_lines": [], "start_line": 282}, "CrossValidation.scores": {"executed_lines": [], "summary": {"covered_lines": 0, "num_statements": 3, "percent_covered": 0.0, "percent_covered_display": "0", "missing_lines": 3, "excluded_lines": 0, "percent_statements_covered": 0.0, "percent_statements_covered_display": "0"}, "missing_lines": [311, 312, 314], "excluded_lines": [], "start_line": 301}, "CrossValidation.q2": {"executed_lines": [], "summary": {"covered_lines": 0, "num_statements": 1, "percent_covered": 0.0, "percent_covered_display": "0", "missing_lines": 1, "excluded_lines": 0, "percent_statements_covered": 0.0, "percent_statements_covered_display": "0"}, "missing_lines": [325], "excluded_lines": [], "start_line": 317}, "CrossValidation.optimal_component_num": {"executed_lines": [], "summary": {"covered_lines": 0, "num_statements": 1, "percent_covered": 0.0, "percent_covered_display": "0", "missing_lines": 1, "excluded_lines": 0, "percent_statements_covered": 0.0, "percent_statements_covered_display": "0"}, "missing_lines": [337], "excluded_lines": [], "start_line": 328}, "CrossValidation.R2Xcorr": {"executed_lines": [], "summary": {"covered_lines": 0, "num_statements": 3, "percent_covered": 0.0, "percent_covered_display": "0", "missing_lines": 3, "excluded_lines": 0, "percent_statements_covered": 0.0, "percent_statements_covered_display": "0"}, "missing_lines": [353, 354, 355], "excluded_lines": [], "start_line": 340}, "CrossValidation.R2XYO": {"executed_lines": [], "summary": {"covered_lines": 0, "num_statements": 3, "percent_covered": 0.0, "percent_covered_display": "0", "missing_lines": 3, "excluded_lines": 0, "percent_statements_covered": 0.0, "percent_statements_covered_display": "0"}, "missing_lines": [371, 372, 373], "excluded_lines": [], "start_line": 358}, "CrossValidation.R2X": {"executed_lines": [], "summary": {"covered_lines": 0, "num_statements": 1, "percent_covered": 0.0, "percent_covered_display": "0", "missing_lines": 1, "excluded_lines": 0, "percent_statements_covered": 0.0, "percent_statements_covered_display": "0"}, "missing_lines": [385], "excluded_lines": [], "start_line": 376}, "CrossValidation.R2y": {"executed_lines": [], "summary": {"covered_lines": 0, "num_statements": 1, "percent_covered": 0.0, "percent_covered_display": "0", "missing_lines": 1, "excluded_lines": 0, "percent_statements_covered": 0.0, "percent_statements_covered_display": "0"}, "missing_lines": [397], "excluded_lines": [], "start_line": 388}, "CrossValidation.correlation": {"executed_lines": [], "summary": {"covered_lines": 0, "num_statements": 3, "percent_covered": 0.0, "percent_covered_display": "0", "missing_lines": 3, "excluded_lines": 0, "percent_statements_covered": 0.0, "percent_statements_covered_display": "0"}, "missing_lines": [420, 421, 422], "excluded_lines": [], "start_line": 400}, "CrossValidation.covariance": {"executed_lines": [], "summary": {"covered_lines": 0, "num_statements": 3, "percent_covered": 0.0, "percent_covered_display": "0", "missing_lines": 3, "excluded_lines": 0, "percent_statements_covered": 0.0, "percent_statements_covered_display": "0"}, "missing_lines": [445, 446, 447], "excluded_lines": [], "start_line": 425}, "CrossValidation.loadings_cv": {"executed_lines": [], "summary": {"covered_lines": 0, "num_statements": 3, "percent_covered": 0.0, "percent_covered_display": "0", "missing_lines": 3, "excluded_lines": 0, "percent_statements_covered": 0.0, "percent_statements_covered_display": "0"}, "missing_lines": [464, 465, 466], "excluded_lines": [], "start_line": 450}, "CrossValidation.min_nmc": {"executed_lines": [], "summary": {"covered_lines": 0, "num_statements": 1, "percent_covered": 0.0, "percent_covered_display": "0", "missing_lines": 1, "excluded_lines": 0, "percent_statements_covered": 0.0, "percent_statements_covered_display": "0"}, "missing_lines": [478], "excluded_lines": [], "start_line": 469}, "CrossValidation.mis_classifications": {"executed_lines": [], "summary": {"covered_lines": 0, "num_statements": 1, "percent_covered": 0.0, "percent_covered_display": "0", "missing_lines": 1, "excluded_lines": 0, "percent_statements_covered": 0.0, "percent_statements_covered_display": "0"}, "missing_lines": [490], "excluded_lines": [], "start_line": 481}, "CrossValidation._split": {"executed_lines": [], "summary": {"covered_lines": 0, "num_statements": 17, "percent_covered": 0.0, "percent_covered_display": "0", "missing_lines": 17, "excluded_lines": 0, "percent_statements_covered": 0.0, "percent_statements_covered_display": "0"}, "missing_lines": [506, 507, 510, 511, 514, 516, 517, 518, 522, 523, 524, 525, 527, 528, 529, 530, 531], "excluded_lines": [], "start_line": 492}, "CrossValidation._create_optimal_model": {"executed_lines": [], "summary": {"covered_lines": 0, "num_statements": 5, "percent_covered": 0.0, "percent_covered_display": "0", "missing_lines": 5, "excluded_lines": 0, "percent_statements_covered": 0.0, "percent_statements_covered_display": "0"}, "missing_lines": [538, 539, 542, 545, 548], "excluded_lines": [], "start_line": 533}, "CrossValidation._summary_fit": {"executed_lines": [], "summary": {"covered_lines": 0, "num_statements": 14, "percent_covered": 0.0, "percent_covered_display": "0", "missing_lines": 14, "excluded_lines": 0, "percent_statements_covered": 0.0, "percent_statements_covered_display": "0"}, "missing_lines": [565, 568, 569, 570, 572, 573, 574, 578, 581, 587, 591, 593, 597, 599], "excluded_lines": [], "start_line": 550}, "CrossValidation._summary_cv": {"executed_lines": [], "summary": {"covered_lines": 0, "num_statements": 14, "percent_covered": 0.0, "percent_covered_display": "0", "missing_lines": 14, "excluded_lines": 0, "percent_statements_covered": 0.0, "percent_statements_covered_display": "0"}, "missing_lines": [612, 613, 614, 616, 617, 619, 621, 622, 624, 625, 626, 629, 632, 633], "excluded_lines": [], "start_line": 601}, "CrossValidation._reset_y": {"executed_lines": [], "summary": {"covered_lines": 0, "num_statements": 12, "percent_covered": 0.0, "percent_covered_display": "0", "missing_lines": 12, "excluded_lines": 0, "percent_statements_covered": 0.0, "percent_statements_covered_display": "0"}, "missing_lines": [650, 651, 654, 656, 657, 662, 663, 664, 665, 666, 668, 669], "excluded_lines": [], "start_line": 635}, "": {"executed_lines": [3, 4, 6, 7, 8, 9, 12, 13, 14, 15, 24, 27, 28, 29, 30, 31, 32, 33, 36, 60, 98, 214, 237, 262, 263, 281, 282, 300, 301, 316, 317, 327, 328, 339, 340, 357, 358, 375, 376, 387, 388, 399, 400, 424, 425, 449, 450, 468, 469, 480, 481, 492, 533, 550, 601, 635], "summary": {"covered_lines": 56, "num_statements": 56, "percent_covered": 100.0, "percent_covered_display": "100", "missing_lines": 0, "excluded_lines": 0, "percent_statements_covered": 100.0, "percent_statements_covered_display": "100"}, "missing_lines": [], "excluded_lines": [], "start_line": 1}}, "classes": {"CrossValidation": {"executed_lines": [], "summary": {"covered_lines": 0, "num_statements": 185, "percent_covered": 0.0, "percent_covered_display": "0", "missing_lines": 185, "excluded_lines": 0, "percent_statements_covered": 0.0, "percent_statements_covered_display": "0"}, "missing_lines": [62, 63, 64, 65, 66, 67, 68, 71, 73, 74, 75, 76, 77, 79, 82, 83, 84, 85, 86, 87, 88, 89, 90, 91, 92, 93, 94, 95, 96, 119, 121, 123, 125, 126, 127, 128, 129, 130, 131, 132, 135, 136, 137, 138, 141, 142, 145, 146, 147, 148, 151, 154, 155, 159, 165, 166, 168, 169, 172, 173, 176, 177, 180, 181, 185, 188, 189, 191, 194, 195, 196, 197, 198, 199, 200, 203, 204, 205, 206, 207, 210, 212, 230, 232, 233, 234, 235, 251, 252, 254, 255, 258, 260, 277, 278, 279, 296, 297, 298, 311, 312, 314, 325, 337, 353, 354, 355, 371, 372, 373, 385, 397, 420, 421, 422, 445, 446, 447, 464, 465, 466, 478, 490, 506, 507, 510, 511, 514, 516, 517, 518, 522, 523, 524, 525, 527, 528, 529, 530, 531, 538, 539, 542, 545, 548, 565, 568, 569, 570, 572, 573, 574, 578, 581, 587, 591, 593, 597, 599, 612, 613, 614, 616, 617, 619, 621, 622, 624, 625, 626, 629, 632, 633, 650, 651, 654, 656, 657, 662, 663, 664, 665, 666, 668, 669], "excluded_lines": [], "start_line": 24}, "": {"executed_lines": [3, 4, 6, 7, 8, 9, 12, 13, 14, 15, 24, 27, 28, 29, 30, 31, 32, 33, 36, 60, 98, 214, 237, 262, 263, 281, 282, 300, 301, 316, 317, 327, 328, 339, 340, 357, 358, 375, 376, 387, 388, 399, 400, 424, 425, 449, 450, 468, 469, 480, 481, 492, 533, 550, 601, 635], "summary": {"covered_lines": 56, "num_statements": 56, "percent_covered": 100.0, "percent_covered_display": "100", "missing_lines": 0, "excluded_lines": 0, "percent_statements_covered": 100.0, "percent_statements_covered_display": "100"}, "missing_lines": [], "excluded_lines": [], "start_line": 1}}}, "metbit/denoise_spec.py": {"executed_lines": [], "summary": {"covered_lines": 0, "num_statements": 18, "percent_covered": 0.0, "percent_covered_display": "0", "missing_lines": 18, "excluded_lines": 0, "percent_statements_covered": 0.0, "percent_statements_covered_display": "0"}, "missing_lines": [3, 4, 6, 7, 8, 9, 12, 13, 14, 15, 16, 17, 32, 33, 34, 35, 37, 39], "excluded_lines": [], "functions": {"Denoise.decrease_noise": {"executed_lines": [], "summary": {"covered_lines": 0, "num_statements": 10, "percent_covered": 0.0, "percent_covered_display": "0", "missing_lines": 10, "excluded_lines": 0, "percent_statements_covered": 0.0, "percent_statements_covered_display": "0"}, "missing_lines": [14, 15, 16, 17, 32, 33, 34, 35, 37, 39], "excluded_lines": [], "start_line": 13}, "": {"executed_lines": [], "summary": {"covered_lines": 0, "num_statements": 8, "percent_covered": 0.0, "percent_covered_display": "0", "missing_lines": 8, "excluded_lines": 0, "percent_statements_covered": 0.0, "percent_statements_covered_display": "0"}, "missing_lines": [3, 4, 6, 7, 8, 9, 12, 13], "excluded_lines": [], "start_line": 1}}, "classes": {"Denoise": {"executed_lines": [], "summary": {"covered_lines": 0, "num_statements": 10, "percent_covered": 0.0, "percent_covered_display": "0", "missing_lines": 10, "excluded_lines": 0, "percent_statements_covered": 0.0, "percent_statements_covered_display": "0"}, "missing_lines": [14, 15, 16, 17, 32, 33, 34, 35, 37, 39], "excluded_lines": [], "start_line": 12}, "": {"executed_lines": [], "summary": {"covered_lines": 0, "num_statements": 8, "percent_covered": 0.0, "percent_covered_display": "0", "missing_lines": 8, "excluded_lines": 0, "percent_statements_covered": 0.0, "percent_statements_covered_display": "0"}, "missing_lines": [3, 4, 6, 7, 8, 9, 12, 13], "excluded_lines": [], "start_line": 1}}}, "metbit/dev.py": {"executed_lines": [], "summary": {"covered_lines": 0, "num_statements": 445, "percent_covered": 0.0, "percent_covered_display": "0", "missing_lines": 445, "excluded_lines": 0, "percent_statements_covered": 0.0, "percent_statements_covered_display": "0"}, "missing_lines": [3, 4, 6, 7, 8, 9, 12, 13, 14, 15, 16, 17, 18, 19, 20, 21, 22, 23, 24, 25, 26, 27, 28, 30, 31, 33, 34, 36, 38, 40, 43, 48, 49, 50, 51, 52, 53, 54, 55, 56, 57, 58, 59, 60, 61, 62, 63, 64, 66, 67, 69, 70, 72, 74, 79, 163, 168, 169, 170, 171, 172, 173, 174, 175, 176, 177, 178, 179, 180, 181, 182, 183, 184, 185, 186, 187, 188, 193, 194, 195, 196, 197, 198, 199, 200, 201, 204, 205, 206, 207, 208, 209, 210, 211, 212, 216, 217, 218, 219, 221, 223, 225, 226, 228, 231, 233, 234, 235, 236, 237, 238, 239, 240, 241, 242, 243, 244, 245, 248, 250, 251, 252, 253, 254, 256, 257, 258, 260, 261, 262, 263, 264, 265, 266, 267, 269, 273, 279, 281, 282, 283, 285, 287, 288, 291, 292, 293, 295, 296, 297, 299, 300, 302, 303, 307, 310, 312, 313, 314, 315, 316, 317, 318, 319, 320, 322, 325, 329, 330, 331, 335, 338, 339, 341, 344, 348, 349, 350, 351, 352, 353, 354, 355, 356, 357, 359, 360, 361, 363, 364, 368, 370, 372, 373, 374, 378, 382, 383, 386, 388, 389, 391, 397, 398, 399, 400, 401, 402, 405, 406, 409, 418, 421, 425, 427, 433, 438, 439, 440, 443, 444, 445, 447, 450, 451, 452, 454, 456, 460, 461, 476, 481, 494, 507, 520, 524, 525, 527, 528, 529, 530, 531, 538, 540, 544, 547, 548, 550, 555, 562, 568, 581, 592, 606, 608, 610, 614, 616, 619, 621, 626, 627, 630, 631, 632, 633, 635, 636, 637, 638, 639, 647, 649, 653, 655, 657, 658, 659, 660, 662, 664, 665, 667, 672, 673, 674, 675, 676, 678, 679, 681, 689, 694, 746, 747, 748, 749, 750, 751, 752, 753, 754, 755, 756, 757, 758, 759, 760, 761, 762, 764, 786, 791, 798, 799, 802, 804, 806, 808, 816, 824, 826, 833, 837, 844, 846, 847, 848, 849, 851, 852, 853, 854, 855, 856, 858, 859, 861, 868, 869, 870, 873, 874, 875, 877, 880, 881, 882, 884, 887, 888, 889, 890, 892, 893, 894, 895, 899, 900, 901, 905, 916, 921, 933, 945, 950, 951, 952, 953, 954, 961, 963, 967, 969, 971, 974, 979, 980, 981, 987, 989, 990, 993, 1000, 1006, 1010, 1011, 1014, 1015, 1019, 1020, 1023, 1024, 1025, 1026, 1031, 1032, 1033, 1034, 1040, 1041, 1043, 1044, 1046, 1047, 1048, 1049, 1051, 1052, 1053, 1054, 1057, 1058, 1059, 1061, 1062, 1063, 1068, 1069, 1070, 1072, 1075, 1076, 1077, 1079, 1084, 1085, 1088, 1090, 1094, 1111, 1113, 1123, 1135, 1147, 1152, 1153, 1157, 1158, 1159, 1160, 1161, 1170, 1172, 1175], "excluded_lines": [], "functions": {"opls_da.__init__": {"executed_lines": [], "summary": {"covered_lines": 0, "num_statements": 62, "percent_covered": 0.0, "percent_covered_display": "0", "missing_lines": 62, "excluded_lines": 0, "percent_statements_covered": 0.0, "percent_statements_covered_display": "0"}, "missing_lines": [168, 169, 170, 171, 172, 173, 174, 175, 176, 177, 178, 179, 180, 181, 182, 183, 184, 185, 186, 187, 188, 193, 194, 195, 196, 197, 198, 199, 200, 201, 204, 205, 206, 207, 208, 209, 210, 211, 212, 216, 217, 218, 219, 221, 223, 225, 226, 228, 231, 233, 234, 235, 236, 237, 238, 239, 240, 241, 242, 243, 244, 245], "excluded_lines": [], "start_line": 163}, "opls_da.fit": {"executed_lines": [], "summary": {"covered_lines": 0, "num_statements": 35, "percent_covered": 0.0, "percent_covered_display": "0", "missing_lines": 35, "excluded_lines": 0, "percent_statements_covered": 0.0, "percent_statements_covered_display": "0"}, "missing_lines": [250, 251, 252, 253, 254, 256, 257, 258, 260, 261, 262, 263, 264, 265, 266, 267, 269, 273, 279, 281, 282, 283, 285, 287, 288, 291, 292, 293, 295, 296, 297, 299, 300, 302, 303], "excluded_lines": [], "start_line": 248}, "opls_da.permutation_test": {"executed_lines": [], "summary": {"covered_lines": 0, "num_statements": 15, "percent_covered": 0.0, "percent_covered_display": "0", "missing_lines": 15, "excluded_lines": 0, "percent_statements_covered": 0.0, "percent_statements_covered_display": "0"}, "missing_lines": [310, 312, 313, 314, 315, 316, 317, 318, 319, 320, 322, 325, 329, 330, 331], "excluded_lines": [], "start_line": 307}, "opls_da.vip_scores": {"executed_lines": [], "summary": {"covered_lines": 0, "num_statements": 21, "percent_covered": 0.0, "percent_covered_display": "0", "missing_lines": 21, "excluded_lines": 0, "percent_statements_covered": 0.0, "percent_statements_covered_display": "0"}, "missing_lines": [338, 339, 341, 344, 348, 349, 350, 351, 352, 353, 354, 355, 356, 357, 359, 360, 361, 363, 364, 368, 370], "excluded_lines": [], "start_line": 335}, "opls_da.get_vip_scores": {"executed_lines": [], "summary": {"covered_lines": 0, "num_statements": 2, "percent_covered": 0.0, "percent_covered_display": "0", "missing_lines": 2, "excluded_lines": 0, "percent_statements_covered": 0.0, "percent_statements_covered_display": "0"}, "missing_lines": [373, 374], "excluded_lines": [], "start_line": 372}, "opls_da.vip_plot": {"executed_lines": [], "summary": {"covered_lines": 0, "num_statements": 19, "percent_covered": 0.0, "percent_covered_display": "0", "missing_lines": 19, "excluded_lines": 0, "percent_statements_covered": 0.0, "percent_statements_covered_display": "0"}, "missing_lines": [382, 383, 386, 388, 389, 391, 397, 398, 399, 400, 401, 402, 405, 406, 409, 418, 421, 425, 427], "excluded_lines": [], "start_line": 378}, "opls_da.plot_oplsda_scores": {"executed_lines": [], "summary": {"covered_lines": 0, "num_statements": 28, "percent_covered": 0.0, "percent_covered_display": "0", "missing_lines": 28, "excluded_lines": 0, "percent_statements_covered": 0.0, "percent_statements_covered_display": "0"}, "missing_lines": [438, 439, 440, 443, 444, 445, 447, 450, 451, 452, 454, 456, 460, 461, 476, 481, 494, 507, 520, 524, 525, 527, 528, 529, 530, 531, 538, 540], "excluded_lines": [], "start_line": 433}, "opls_da.plot_hist": {"executed_lines": [], "summary": {"covered_lines": 0, "num_statements": 11, "percent_covered": 0.0, "percent_covered_display": "0", "missing_lines": 11, "excluded_lines": 0, "percent_statements_covered": 0.0, "percent_statements_covered_display": "0"}, "missing_lines": [547, 548, 550, 555, 562, 568, 581, 592, 606, 608, 610], "excluded_lines": [], "start_line": 544}, "opls_da.plot_s_scores": {"executed_lines": [], "summary": {"covered_lines": 0, "num_statements": 16, "percent_covered": 0.0, "percent_covered_display": "0", "missing_lines": 16, "excluded_lines": 0, "percent_statements_covered": 0.0, "percent_statements_covered_display": "0"}, "missing_lines": [616, 619, 621, 626, 627, 630, 631, 632, 633, 635, 636, 637, 638, 639, 647, 649], "excluded_lines": [], "start_line": 614}, "opls_da.plot_loading": {"executed_lines": [], "summary": {"covered_lines": 0, "num_statements": 15, "percent_covered": 0.0, "percent_covered_display": "0", "missing_lines": 15, "excluded_lines": 0, "percent_statements_covered": 0.0, "percent_statements_covered_display": "0"}, "missing_lines": [655, 657, 662, 664, 665, 667, 672, 673, 674, 675, 676, 678, 679, 681, 689], "excluded_lines": [], "start_line": 653}, "opls_da.plot_loading.median_corr": {"executed_lines": [], "summary": {"covered_lines": 0, "num_statements": 3, "percent_covered": 0.0, "percent_covered_display": "0", "missing_lines": 3, "excluded_lines": 0, "percent_statements_covered": 0.0, "percent_statements_covered_display": "0"}, "missing_lines": [658, 659, 660], "excluded_lines": [], "start_line": 657}, "pca.__init__": {"executed_lines": [], "summary": {"covered_lines": 0, "num_statements": 4, "percent_covered": 0.0, "percent_covered_display": "0", "missing_lines": 4, "excluded_lines": 0, "percent_statements_covered": 0.0, "percent_statements_covered_display": "0"}, "missing_lines": [786, 791, 798, 799], "excluded_lines": [], "start_line": 764}, "pca.plot_cumulative_observed": {"executed_lines": [], "summary": {"covered_lines": 0, "num_statements": 7, "percent_covered": 0.0, "percent_covered_display": "0", "missing_lines": 7, "excluded_lines": 0, "percent_statements_covered": 0.0, "percent_statements_covered_display": "0"}, "missing_lines": [804, 806, 808, 816, 824, 826, 833], "excluded_lines": [], "start_line": 802}, "pca.plot_pca_scores": {"executed_lines": [], "summary": {"covered_lines": 0, "num_statements": 48, "percent_covered": 0.0, "percent_covered_display": "0", "missing_lines": 48, "excluded_lines": 0, "percent_statements_covered": 0.0, "percent_statements_covered_display": "0"}, "missing_lines": [844, 846, 847, 848, 849, 851, 852, 853, 854, 855, 856, 858, 859, 861, 868, 869, 870, 873, 874, 875, 877, 880, 881, 882, 884, 887, 888, 889, 890, 892, 893, 894, 895, 899, 900, 901, 905, 916, 921, 933, 945, 950, 951, 952, 953, 954, 961, 963], "excluded_lines": [], "start_line": 837}, "pca.plot_loading_": {"executed_lines": [], "summary": {"covered_lines": 0, "num_statements": 10, "percent_covered": 0.0, "percent_covered_display": "0", "missing_lines": 10, "excluded_lines": 0, "percent_statements_covered": 0.0, "percent_statements_covered_display": "0"}, "missing_lines": [969, 971, 974, 979, 980, 981, 987, 989, 990, 993], "excluded_lines": [], "start_line": 967}, "pca.plot_pca_trajectory": {"executed_lines": [], "summary": {"covered_lines": 0, "num_statements": 61, "percent_covered": 0.0, "percent_covered_display": "0", "missing_lines": 61, "excluded_lines": 0, "percent_statements_covered": 0.0, "percent_statements_covered_display": "0"}, "missing_lines": [1006, 1010, 1011, 1014, 1015, 1019, 1020, 1023, 1024, 1025, 1026, 1031, 1032, 1033, 1034, 1040, 1041, 1043, 1044, 1046, 1047, 1048, 1049, 1051, 1052, 1053, 1054, 1057, 1058, 1059, 1061, 1062, 1063, 1068, 1069, 1070, 1072, 1075, 1076, 1077, 1079, 1084, 1085, 1088, 1090, 1094, 1111, 1113, 1123, 1135, 1147, 1152, 1153, 1157, 1158, 1159, 1160, 1161, 1170, 1172, 1175], "excluded_lines": [], "start_line": 1000}, "": {"executed_lines": [], "summary": {"covered_lines": 0, "num_statements": 88, "percent_covered": 0.0, "percent_covered_display": "0", "missing_lines": 88, "excluded_lines": 0, "percent_statements_covered": 0.0, "percent_statements_covered_display": "0"}, "missing_lines": [3, 4, 6, 7, 8, 9, 12, 13, 14, 15, 16, 17, 18, 19, 20, 21, 22, 23, 24, 25, 26, 27, 28, 30, 31, 33, 34, 36, 38, 40, 43, 48, 49, 50, 51, 52, 53, 54, 55, 56, 57, 58, 59, 60, 61, 62, 63, 64, 66, 67, 69, 70, 72, 74, 79, 163, 248, 307, 335, 372, 378, 433, 544, 614, 653, 694, 746, 747, 748, 749, 750, 751, 752, 753, 754, 755, 756, 757, 758, 759, 760, 761, 762, 764, 802, 837, 967, 1000], "excluded_lines": [], "start_line": 1}}, "classes": {"opls_da": {"executed_lines": [], "summary": {"covered_lines": 0, "num_statements": 227, "percent_covered": 0.0, "percent_covered_display": "0", "missing_lines": 227, "excluded_lines": 0, "percent_statements_covered": 0.0, "percent_statements_covered_display": "0"}, "missing_lines": [168, 169, 170, 171, 172, 173, 174, 175, 176, 177, 178, 179, 180, 181, 182, 183, 184, 185, 186, 187, 188, 193, 194, 195, 196, 197, 198, 199, 200, 201, 204, 205, 206, 207, 208, 209, 210, 211, 212, 216, 217, 218, 219, 221, 223, 225, 226, 228, 231, 233, 234, 235, 236, 237, 238, 239, 240, 241, 242, 243, 244, 245, 250, 251, 252, 253, 254, 256, 257, 258, 260, 261, 262, 263, 264, 265, 266, 267, 269, 273, 279, 281, 282, 283, 285, 287, 288, 291, 292, 293, 295, 296, 297, 299, 300, 302, 303, 310, 312, 313, 314, 315, 316, 317, 318, 319, 320, 322, 325, 329, 330, 331, 338, 339, 341, 344, 348, 349, 350, 351, 352, 353, 354, 355, 356, 357, 359, 360, 361, 363, 364, 368, 370, 373, 374, 382, 383, 386, 388, 389, 391, 397, 398, 399, 400, 401, 402, 405, 406, 409, 418, 421, 425, 427, 438, 439, 440, 443, 444, 445, 447, 450, 451, 452, 454, 456, 460, 461, 476, 481, 494, 507, 520, 524, 525, 527, 528, 529, 530, 531, 538, 540, 547, 548, 550, 555, 562, 568, 581, 592, 606, 608, 610, 616, 619, 621, 626, 627, 630, 631, 632, 633, 635, 636, 637, 638, 639, 647, 649, 655, 657, 658, 659, 660, 662, 664, 665, 667, 672, 673, 674, 675, 676, 678, 679, 681, 689], "excluded_lines": [], "start_line": 43}, "pca": {"executed_lines": [], "summary": {"covered_lines": 0, "num_statements": 130, "percent_covered": 0.0, "percent_covered_display": "0", "missing_lines": 130, "excluded_lines": 0, "percent_statements_covered": 0.0, "percent_statements_covered_display": "0"}, "missing_lines": [786, 791, 798, 799, 804, 806, 808, 816, 824, 826, 833, 844, 846, 847, 848, 849, 851, 852, 853, 854, 855, 856, 858, 859, 861, 868, 869, 870, 873, 874, 875, 877, 880, 881, 882, 884, 887, 888, 889, 890, 892, 893, 894, 895, 899, 900, 901, 905, 916, 921, 933, 945, 950, 951, 952, 953, 954, 961, 963, 969, 971, 974, 979, 980, 981, 987, 989, 990, 993, 1006, 1010, 1011, 1014, 1015, 1019, 1020, 1023, 1024, 1025, 1026, 1031, 1032, 1033, 1034, 1040, 1041, 1043, 1044, 1046, 1047, 1048, 1049, 1051, 1052, 1053, 1054, 1057, 1058, 1059, 1061, 1062, 1063, 1068, 1069, 1070, 1072, 1075, 1076, 1077, 1079, 1084, 1085, 1088, 1090, 1094, 1111, 1113, 1123, 1135, 1147, 1152, 1153, 1157, 1158, 1159, 1160, 1161, 1170, 1172, 1175], "excluded_lines": [], "start_line": 694}, "": {"executed_lines": [], "summary": {"covered_lines": 0, "num_statements": 88, "percent_covered": 0.0, "percent_covered_display": "0", "missing_lines": 88, "excluded_lines": 0, "percent_statements_covered": 0.0, "percent_statements_covered_display": "0"}, "missing_lines": [3, 4, 6, 7, 8, 9, 12, 13, 14, 15, 16, 17, 18, 19, 20, 21, 22, 23, 24, 25, 26, 27, 28, 30, 31, 33, 34, 36, 38, 40, 43, 48, 49, 50, 51, 52, 53, 54, 55, 56, 57, 58, 59, 60, 61, 62, 63, 64, 66, 67, 69, 70, 72, 74, 79, 163, 248, 307, 335, 372, 378, 433, 544, 614, 653, 694, 746, 747, 748, 749, 750, 751, 752, 753, 754, 755, 756, 757, 758, 759, 760, 761, 762, 764, 802, 837, 967, 1000], "excluded_lines": [], "start_line": 1}}}, "metbit/genpage.py": {"executed_lines": [], "summary": {"covered_lines": 0, "num_statements": 60, "percent_covered": 0.0, "percent_covered_display": "0", "missing_lines": 60, "excluded_lines": 0, "percent_statements_covered": 0.0, "percent_statements_covered_display": "0"}, "missing_lines": [3, 4, 6, 7, 8, 9, 11, 12, 13, 14, 15, 16, 18, 21, 23, 32, 34, 36, 39, 44, 45, 48, 49, 52, 53, 56, 57, 58, 59, 60, 61, 62, 63, 64, 65, 66, 67, 70, 72, 74, 77, 78, 79, 80, 81, 82, 84, 87, 88, 89, 91, 93, 96, 97, 166, 168, 170, 171, 172, 174], "excluded_lines": [], "functions": {"gen_page.__init__": {"executed_lines": [], "summary": {"covered_lines": 0, "num_statements": 23, "percent_covered": 0.0, "percent_covered_display": "0", "missing_lines": 23, "excluded_lines": 0, "percent_statements_covered": 0.0, "percent_statements_covered_display": "0"}, "missing_lines": [32, 34, 36, 39, 44, 45, 48, 49, 52, 53, 56, 57, 58, 59, 60, 61, 62, 63, 64, 65, 66, 67, 70], "excluded_lines": [], "start_line": 23}, "gen_page.get_files": {"executed_lines": [], "summary": {"covered_lines": 0, "num_statements": 21, "percent_covered": 0.0, "percent_covered_display": "0", "missing_lines": 21, "excluded_lines": 0, "percent_statements_covered": 0.0, "percent_statements_covered_display": "0"}, "missing_lines": [74, 77, 78, 79, 80, 81, 82, 84, 87, 88, 89, 91, 93, 96, 97, 166, 168, 170, 171, 172, 174], "excluded_lines": [], "start_line": 72}, "": {"executed_lines": [], "summary": {"covered_lines": 0, "num_statements": 16, "percent_covered": 0.0, "percent_covered_display": "0", "missing_lines": 16, "excluded_lines": 0, "percent_statements_covered": 0.0, "percent_statements_covered_display": "0"}, "missing_lines": [3, 4, 6, 7, 8, 9, 11, 12, 13, 14, 15, 16, 18, 21, 23, 72], "excluded_lines": [], "start_line": 1}}, "classes": {"gen_page": {"executed_lines": [], "summary": {"covered_lines": 0, "num_statements": 44, "percent_covered": 0.0, "percent_covered_display": "0", "missing_lines": 44, "excluded_lines": 0, "percent_statements_covered": 0.0, "percent_statements_covered_display": "0"}, "missing_lines": [32, 34, 36, 39, 44, 45, 48, 49, 52, 53, 56, 57, 58, 59, 60, 61, 62, 63, 64, 65, 66, 67, 70, 74, 77, 78, 79, 80, 81, 82, 84, 87, 88, 89, 91, 93, 96, 97, 166, 168, 170, 171, 172, 174], "excluded_lines": [], "start_line": 21}, "": {"executed_lines": [], "summary": {"covered_lines": 0, "num_statements": 16, "percent_covered": 0.0, "percent_covered_display": "0", "missing_lines": 16, "excluded_lines": 0, "percent_statements_covered": 0.0, "percent_statements_covered_display": "0"}, "missing_lines": [3, 4, 6, 7, 8, 9, 11, 12, 13, 14, 15, 16, 18, 21, 23, 72], "excluded_lines": [], "start_line": 1}}}, "metbit/lazy_opls_da.py": {"executed_lines": [3, 4, 5, 6, 8, 9, 10, 11, 13, 14, 15, 16, 17, 18, 21, 22, 23, 25, 86, 87, 88, 89, 90, 91, 93, 94, 95, 97, 102, 103, 104, 107, 274], "summary": {"covered_lines": 33, "num_statements": 218, "percent_covered": 15.137614678899082, "percent_covered_display": "15", "missing_lines": 185, "excluded_lines": 0, "percent_statements_covered": 15.137614678899082, "percent_statements_covered_display": "15"}, "missing_lines": [98, 99, 100, 113, 114, 115, 116, 117, 118, 120, 121, 123, 139, 140, 141, 142, 144, 145, 146, 147, 148, 151, 152, 154, 155, 156, 157, 159, 161, 162, 163, 165, 167, 168, 169, 170, 172, 174, 188, 192, 193, 195, 198, 201, 202, 204, 206, 208, 209, 210, 212, 213, 214, 215, 217, 218, 219, 220, 222, 226, 227, 228, 229, 230, 232, 235, 236, 239, 240, 241, 244, 247, 270, 281, 282, 283, 285, 286, 287, 288, 289, 292, 293, 294, 295, 296, 299, 310, 312, 314, 315, 319, 320, 321, 323, 324, 327, 328, 331, 332, 334, 336, 337, 339, 341, 342, 344, 346, 347, 348, 350, 352, 356, 357, 358, 360, 362, 363, 365, 366, 367, 368, 369, 370, 371, 373, 374, 377, 378, 381, 382, 383, 384, 385, 386, 387, 388, 390, 394, 397, 399, 400, 402, 403, 405, 407, 408, 410, 413, 414, 416, 419, 421, 425, 426, 428, 429, 431, 433, 434, 437, 438, 441, 442, 443, 444, 445, 447, 450, 451, 452, 453, 454, 455, 456, 458, 461, 462, 463, 464, 465, 466, 467, 469, 471], "excluded_lines": [], "functions": {"lazy_opls_da.__init__": {"executed_lines": [], "summary": {"covered_lines": 0, "num_statements": 70, "percent_covered": 0.0, "percent_covered_display": "0", "missing_lines": 70, "excluded_lines": 0, "percent_statements_covered": 0.0, "percent_statements_covered_display": "0"}, "missing_lines": [113, 114, 115, 116, 117, 118, 120, 121, 123, 139, 140, 141, 142, 144, 145, 146, 147, 148, 151, 152, 154, 155, 156, 157, 159, 161, 162, 163, 165, 167, 168, 169, 170, 172, 174, 188, 192, 193, 195, 198, 201, 202, 204, 206, 208, 209, 210, 212, 213, 214, 215, 217, 218, 219, 220, 222, 226, 227, 228, 229, 230, 232, 235, 236, 239, 240, 241, 244, 247, 270], "excluded_lines": [], "start_line": 107}, "lazy_opls_da.fit": {"executed_lines": [], "summary": {"covered_lines": 0, "num_statements": 112, "percent_covered": 0.0, "percent_covered_display": "0", "missing_lines": 112, "excluded_lines": 0, "percent_statements_covered": 0.0, "percent_statements_covered_display": "0"}, "missing_lines": [281, 282, 283, 285, 286, 287, 288, 289, 292, 293, 294, 295, 296, 299, 310, 312, 314, 315, 319, 320, 321, 323, 324, 327, 328, 331, 332, 334, 336, 337, 339, 341, 342, 344, 346, 347, 348, 350, 352, 356, 357, 358, 360, 362, 363, 365, 366, 367, 368, 369, 370, 371, 373, 374, 377, 378, 381, 382, 383, 384, 385, 386, 387, 388, 390, 394, 397, 399, 400, 402, 403, 405, 407, 408, 410, 413, 414, 416, 419, 421, 425, 426, 428, 429, 431, 433, 434, 437, 438, 441, 442, 443, 444, 445, 447, 450, 451, 452, 453, 454, 455, 456, 458, 461, 462, 463, 464, 465, 466, 467, 469, 471], "excluded_lines": [], "start_line": 274}, "": {"executed_lines": [3, 4, 5, 6, 8, 9, 10, 11, 13, 14, 15, 16, 17, 18, 21, 22, 23, 25, 86, 87, 88, 89, 90, 91, 93, 94, 95, 97, 102, 103, 104, 107, 274], "summary": {"covered_lines": 33, "num_statements": 36, "percent_covered": 91.66666666666667, "percent_covered_display": "92", "missing_lines": 3, "excluded_lines": 0, "percent_statements_covered": 91.66666666666667, "percent_statements_covered_display": "92"}, "missing_lines": [98, 99, 100], "excluded_lines": [], "start_line": 1}}, "classes": {"lazy_opls_da": {"executed_lines": [], "summary": {"covered_lines": 0, "num_statements": 182, "percent_covered": 0.0, "percent_covered_display": "0", "missing_lines": 182, "excluded_lines": 0, "percent_statements_covered": 0.0, "percent_statements_covered_display": "0"}, "missing_lines": [113, 114, 115, 116, 117, 118, 120, 121, 123, 139, 140, 141, 142, 144, 145, 146, 147, 148, 151, 152, 154, 155, 156, 157, 159, 161, 162, 163, 165, 167, 168, 169, 170, 172, 174, 188, 192, 193, 195, 198, 201, 202, 204, 206, 208, 209, 210, 212, 213, 214, 215, 217, 218, 219, 220, 222, 226, 227, 228, 229, 230, 232, 235, 236, 239, 240, 241, 244, 247, 270, 281, 282, 283, 285, 286, 287, 288, 289, 292, 293, 294, 295, 296, 299, 310, 312, 314, 315, 319, 320, 321, 323, 324, 327, 328, 331, 332, 334, 336, 337, 339, 341, 342, 344, 346, 347, 348, 350, 352, 356, 357, 358, 360, 362, 363, 365, 366, 367, 368, 369, 370, 371, 373, 374, 377, 378, 381, 382, 383, 384, 385, 386, 387, 388, 390, 394, 397, 399, 400, 402, 403, 405, 407, 408, 410, 413, 414, 416, 419, 421, 425, 426, 428, 429, 431, 433, 434, 437, 438, 441, 442, 443, 444, 445, 447, 450, 451, 452, 453, 454, 455, 456, 458, 461, 462, 463, 464, 465, 466, 467, 469, 471], "excluded_lines": [], "start_line": 25}, "": {"executed_lines": [3, 4, 5, 6, 8, 9, 10, 11, 13, 14, 15, 16, 17, 18, 21, 22, 23, 25, 86, 87, 88, 89, 90, 91, 93, 94, 95, 97, 102, 103, 104, 107, 274], "summary": {"covered_lines": 33, "num_statements": 36, "percent_covered": 91.66666666666667, "percent_covered_display": "92", "missing_lines": 3, "excluded_lines": 0, "percent_statements_covered": 91.66666666666667, "percent_statements_covered_display": "92"}, "missing_lines": [98, 99, 100], "excluded_lines": [], "start_line": 1}}}, "metbit/metbit.py": {"executed_lines": [3, 4, 6, 7, 8, 9, 13, 14, 15, 16, 17, 18, 19, 20, 21, 22, 23, 24, 25, 26, 27, 28, 29, 30, 32, 33, 35, 36, 38, 40, 43, 44, 45, 46, 47, 52, 137, 228, 345, 353, 361, 369, 379, 423, 431, 477, 502, 629, 828, 923, 996, 1074, 1137, 1139, 1140, 1141, 1144, 1149, 1150, 1151, 1153, 1154, 1155, 1157, 1158, 1159, 1160, 1161, 1164, 1178, 1184, 1187, 1190, 1193, 1196, 1199, 1201, 1204, 1205, 1206, 1207, 1215, 1216, 1222, 1223, 1224, 1225, 1226, 1229, 1234, 1235, 1237, 1238, 1239, 1240, 1241, 1242, 1243, 1246, 1249, 1252, 1255, 1257, 1258, 1259, 1263, 1264, 1266, 1267, 1271, 1272, 1273, 1275, 1276, 1278, 1280, 1283, 1284, 1285, 1287, 1289, 1291, 1293, 1294, 1295, 1298, 1299, 1300, 1302, 1303, 1304, 1308, 1309, 1310, 1313, 1317, 1320, 1321, 1322, 1323, 1324, 1325, 1326, 1327, 1328, 1329, 1330, 1331, 1333, 1335, 1339, 1340, 1341, 1343, 1344, 1345, 1347, 1348, 1349, 1351, 1383, 1429, 1624, 1679, 1790], "summary": {"covered_lines": 165, "num_statements": 636, "percent_covered": 25.943396226415093, "percent_covered_display": "26", "missing_lines": 471, "excluded_lines": 0, "percent_statements_covered": 25.943396226415093, "percent_statements_covered_display": "26"}, "missing_lines": [184, 185, 186, 187, 188, 189, 190, 191, 192, 193, 194, 195, 196, 197, 198, 199, 200, 201, 202, 203, 204, 205, 206, 208, 209, 210, 212, 213, 215, 216, 217, 218, 219, 220, 221, 222, 223, 246, 248, 250, 251, 252, 253, 254, 256, 257, 258, 259, 261, 262, 266, 272, 274, 275, 276, 278, 279, 282, 284, 286, 287, 288, 289, 290, 291, 293, 294, 295, 297, 298, 299, 301, 304, 306, 308, 310, 312, 314, 326, 328, 340, 342, 350, 351, 358, 359, 366, 367, 374, 375, 382, 383, 385, 387, 388, 389, 390, 391, 392, 393, 394, 395, 397, 400, 406, 407, 408, 409, 410, 412, 413, 417, 418, 419, 421, 428, 429, 445, 446, 448, 451, 455, 456, 457, 458, 459, 460, 461, 462, 463, 464, 466, 467, 468, 470, 471, 473, 475, 491, 492, 493, 496, 498, 542, 546, 547, 549, 550, 552, 553, 554, 559, 561, 562, 564, 565, 567, 580, 581, 582, 583, 584, 585, 588, 589, 592, 601, 604, 605, 609, 614, 621, 623, 676, 677, 678, 680, 685, 686, 687, 690, 691, 692, 694, 696, 698, 699, 702, 703, 705, 709, 710, 713, 715, 719, 720, 721, 723, 725, 726, 731, 732, 749, 753, 757, 770, 783, 796, 797, 799, 803, 808, 809, 811, 812, 813, 814, 815, 822, 824, 856, 857, 859, 864, 871, 877, 890, 901, 915, 917, 919, 954, 956, 959, 965, 969, 970, 973, 974, 975, 976, 978, 979, 980, 981, 982, 990, 992, 1031, 1033, 1034, 1035, 1036, 1038, 1040, 1041, 1043, 1045, 1052, 1053, 1054, 1055, 1056, 1058, 1059, 1061, 1069, 1179, 1180, 1181, 1182, 1185, 1188, 1191, 1194, 1197, 1200, 1202, 1209, 1211, 1217, 1219, 1220, 1247, 1250, 1253, 1336, 1337, 1363, 1365, 1367, 1372, 1379, 1380, 1395, 1397, 1399, 1407, 1415, 1417, 1425, 1473, 1475, 1476, 1477, 1478, 1480, 1481, 1482, 1484, 1487, 1488, 1489, 1491, 1492, 1494, 1497, 1498, 1499, 1502, 1503, 1504, 1506, 1510, 1511, 1512, 1513, 1515, 1516, 1517, 1518, 1523, 1524, 1525, 1529, 1530, 1533, 1535, 1539, 1540, 1541, 1543, 1545, 1546, 1549, 1563, 1567, 1571, 1583, 1595, 1596, 1598, 1602, 1607, 1608, 1609, 1610, 1611, 1618, 1620, 1647, 1648, 1650, 1651, 1654, 1658, 1659, 1660, 1666, 1668, 1669, 1672, 1685, 1686, 1687, 1688, 1689, 1691, 1692, 1693, 1694, 1695, 1696, 1699, 1700, 1703, 1704, 1706, 1709, 1710, 1712, 1715, 1716, 1718, 1719, 1721, 1722, 1725, 1726, 1727, 1728, 1729, 1731, 1732, 1734, 1735, 1738, 1752, 1753, 1754, 1762, 1767, 1768, 1769, 1776, 1778, 1782, 1787, 1794, 1795, 1831, 1832, 1833, 1834, 1836, 1837, 1838, 1840, 1843, 1844, 1845, 1847, 1848, 1850, 1853, 1854, 1855, 1858, 1859, 1860, 1862, 1866, 1867, 1868, 1869, 1871, 1872, 1873, 1874, 1875, 1876, 1878, 1879, 1880, 1884, 1885, 1888, 1890, 1894, 1895, 1896, 1898, 1900, 1901, 1905, 1917, 1921, 1924, 1928, 1932, 1934], "excluded_lines": [], "functions": {"_resolve_scale_power": {"executed_lines": [44, 45, 46, 47], "summary": {"covered_lines": 4, "num_statements": 4, "percent_covered": 100.0, "percent_covered_display": "100", "missing_lines": 0, "excluded_lines": 0, "percent_statements_covered": 100.0, "percent_statements_covered_display": "100"}, "missing_lines": [], "excluded_lines": [], "start_line": 43}, "opls_da.__init__": {"executed_lines": [], "summary": {"covered_lines": 0, "num_statements": 37, "percent_covered": 0.0, "percent_covered_display": "0", "missing_lines": 37, "excluded_lines": 0, "percent_statements_covered": 0.0, "percent_statements_covered_display": "0"}, "missing_lines": [184, 185, 186, 187, 188, 189, 190, 191, 192, 193, 194, 195, 196, 197, 198, 199, 200, 201, 202, 203, 204, 205, 206, 208, 209, 210, 212, 213, 215, 216, 217, 218, 219, 220, 221, 222, 223], "excluded_lines": [], "start_line": 137}, "opls_da.fit": {"executed_lines": [], "summary": {"covered_lines": 0, "num_statements": 45, "percent_covered": 0.0, "percent_covered_display": "0", "missing_lines": 45, "excluded_lines": 0, "percent_statements_covered": 0.0, "percent_statements_covered_display": "0"}, "missing_lines": [246, 248, 250, 251, 252, 253, 254, 256, 257, 258, 259, 261, 262, 266, 272, 274, 275, 276, 278, 279, 282, 284, 286, 287, 288, 289, 290, 291, 293, 294, 295, 297, 298, 299, 301, 304, 306, 308, 310, 312, 314, 326, 328, 340, 342], "excluded_lines": [], "start_line": 228}, "opls_da.get_oplsda_scores": {"executed_lines": [], "summary": {"covered_lines": 0, "num_statements": 2, "percent_covered": 0.0, "percent_covered_display": "0", "missing_lines": 2, "excluded_lines": 0, "percent_statements_covered": 0.0, "percent_statements_covered_display": "0"}, "missing_lines": [350, 351], "excluded_lines": [], "start_line": 345}, "opls_da.get_s_scores": {"executed_lines": [], "summary": {"covered_lines": 0, "num_statements": 2, "percent_covered": 0.0, "percent_covered_display": "0", "missing_lines": 2, "excluded_lines": 0, "percent_statements_covered": 0.0, "percent_statements_covered_display": "0"}, "missing_lines": [358, 359], "excluded_lines": [], "start_line": 353}, "opls_da.get_oplsda_model": {"executed_lines": [], "summary": {"covered_lines": 0, "num_statements": 2, "percent_covered": 0.0, "percent_covered_display": "0", "missing_lines": 2, "excluded_lines": 0, "percent_statements_covered": 0.0, "percent_statements_covered_display": "0"}, "missing_lines": [366, 367], "excluded_lines": [], "start_line": 361}, "opls_da.get_cv_model": {"executed_lines": [], "summary": {"covered_lines": 0, "num_statements": 2, "percent_covered": 0.0, "percent_covered_display": "0", "missing_lines": 2, "excluded_lines": 0, "percent_statements_covered": 0.0, "percent_statements_covered_display": "0"}, "missing_lines": [374, 375], "excluded_lines": [], "start_line": 369}, "opls_da.permutation_test": {"executed_lines": [], "summary": {"covered_lines": 0, "num_statements": 25, "percent_covered": 0.0, "percent_covered_display": "0", "missing_lines": 25, "excluded_lines": 0, "percent_statements_covered": 0.0, "percent_statements_covered_display": "0"}, "missing_lines": [382, 383, 385, 387, 388, 389, 390, 391, 392, 393, 394, 395, 397, 400, 406, 407, 408, 409, 410, 412, 413, 417, 418, 419, 421], "excluded_lines": [], "start_line": 379}, "opls_da.get_permutation_scores": {"executed_lines": [], "summary": {"covered_lines": 0, "num_statements": 2, "percent_covered": 0.0, "percent_covered_display": "0", "missing_lines": 2, "excluded_lines": 0, "percent_statements_covered": 0.0, "percent_statements_covered_display": "0"}, "missing_lines": [428, 429], "excluded_lines": [], "start_line": 423}, "opls_da.vip_scores": {"executed_lines": [], "summary": {"covered_lines": 0, "num_statements": 21, "percent_covered": 0.0, "percent_covered_display": "0", "missing_lines": 21, "excluded_lines": 0, "percent_statements_covered": 0.0, "percent_statements_covered_display": "0"}, "missing_lines": [445, 446, 448, 451, 455, 456, 457, 458, 459, 460, 461, 462, 463, 464, 466, 467, 468, 470, 471, 473, 475], "excluded_lines": [], "start_line": 431}, "opls_da.get_vip_scores": {"executed_lines": [], "summary": {"covered_lines": 0, "num_statements": 5, "percent_covered": 0.0, "percent_covered_display": "0", "missing_lines": 5, "excluded_lines": 0, "percent_statements_covered": 0.0, "percent_statements_covered_display": "0"}, "missing_lines": [491, 492, 493, 496, 498], "excluded_lines": [], "start_line": 477}, "opls_da.vip_plot": {"executed_lines": [], "summary": {"covered_lines": 0, "num_statements": 30, "percent_covered": 0.0, "percent_covered_display": "0", "missing_lines": 30, "excluded_lines": 0, "percent_statements_covered": 0.0, "percent_statements_covered_display": "0"}, "missing_lines": [542, 546, 547, 549, 550, 552, 553, 554, 559, 561, 562, 564, 565, 567, 580, 581, 582, 583, 584, 585, 588, 589, 592, 601, 604, 605, 609, 614, 621, 623], "excluded_lines": [], "start_line": 502}, "opls_da.plot_oplsda_scores": {"executed_lines": [], "summary": {"covered_lines": 0, "num_statements": 47, "percent_covered": 0.0, "percent_covered_display": "0", "missing_lines": 47, "excluded_lines": 0, "percent_statements_covered": 0.0, "percent_statements_covered_display": "0"}, "missing_lines": [676, 677, 678, 680, 685, 686, 687, 690, 691, 692, 694, 696, 698, 699, 702, 703, 705, 709, 710, 713, 715, 719, 720, 721, 723, 725, 726, 731, 732, 749, 753, 757, 770, 783, 796, 797, 799, 803, 808, 809, 811, 812, 813, 814, 815, 822, 824], "excluded_lines": [], "start_line": 629}, "opls_da.plot_hist": {"executed_lines": [], "summary": {"covered_lines": 0, "num_statements": 11, "percent_covered": 0.0, "percent_covered_display": "0", "missing_lines": 11, "excluded_lines": 0, "percent_statements_covered": 0.0, "percent_statements_covered_display": "0"}, "missing_lines": [856, 857, 859, 864, 871, 877, 890, 901, 915, 917, 919], "excluded_lines": [], "start_line": 828}, "opls_da.plot_s_scores": {"executed_lines": [], "summary": {"covered_lines": 0, "num_statements": 17, "percent_covered": 0.0, "percent_covered_display": "0", "missing_lines": 17, "excluded_lines": 0, "percent_statements_covered": 0.0, "percent_statements_covered_display": "0"}, "missing_lines": [954, 956, 959, 965, 969, 970, 973, 974, 975, 976, 978, 979, 980, 981, 982, 990, 992], "excluded_lines": [], "start_line": 923}, "opls_da.plot_loading": {"executed_lines": [], "summary": {"covered_lines": 0, "num_statements": 16, "percent_covered": 0.0, "percent_covered_display": "0", "missing_lines": 16, "excluded_lines": 0, "percent_statements_covered": 0.0, "percent_statements_covered_display": "0"}, "missing_lines": [1031, 1033, 1038, 1040, 1041, 1043, 1045, 1052, 1053, 1054, 1055, 1056, 1058, 1059, 1061, 1069], "excluded_lines": [], "start_line": 996}, "opls_da.plot_loading.median_corr": {"executed_lines": [], "summary": {"covered_lines": 0, "num_statements": 3, "percent_covered": 0.0, "percent_covered_display": "0", "missing_lines": 3, "excluded_lines": 0, "percent_statements_covered": 0.0, "percent_statements_covered_display": "0"}, "missing_lines": [1034, 1035, 1036], "excluded_lines": [], "start_line": 1033}, "pca.__init__": {"executed_lines": [1178, 1184, 1187, 1190, 1193, 1196, 1199, 1201, 1204, 1205, 1206, 1207, 1215, 1216, 1222, 1223, 1224, 1225, 1226, 1229], "summary": {"covered_lines": 20, "num_statements": 36, "percent_covered": 55.55555555555556, "percent_covered_display": "56", "missing_lines": 16, "excluded_lines": 0, "percent_statements_covered": 55.55555555555556, "percent_statements_covered_display": "56"}, "missing_lines": [1179, 1180, 1181, 1182, 1185, 1188, 1191, 1194, 1197, 1200, 1202, 1209, 1211, 1217, 1219, 1220], "excluded_lines": [], "start_line": 1164}, "pca.fit": {"executed_lines": [1235, 1237, 1238, 1239, 1240, 1241, 1242, 1243, 1246, 1249, 1252, 1255, 1257, 1258, 1259, 1263, 1264, 1266, 1267, 1271, 1272, 1273, 1275, 1276, 1278, 1280, 1283, 1284, 1285, 1287, 1289, 1291, 1293, 1294, 1295, 1298, 1299, 1300, 1302, 1303, 1304, 1308, 1309, 1310, 1313, 1317, 1320, 1321, 1322, 1323, 1324, 1325, 1326, 1327, 1328, 1329, 1330, 1331, 1333], "summary": {"covered_lines": 59, "num_statements": 62, "percent_covered": 95.16129032258064, "percent_covered_display": "95", "missing_lines": 3, "excluded_lines": 0, "percent_statements_covered": 95.16129032258064, "percent_statements_covered_display": "95"}, "missing_lines": [1247, 1250, 1253], "excluded_lines": [], "start_line": 1234}, "pca.get_explained_variance": {"executed_lines": [], "summary": {"covered_lines": 0, "num_statements": 2, "percent_covered": 0.0, "percent_covered_display": "0", "missing_lines": 2, "excluded_lines": 0, "percent_statements_covered": 0.0, "percent_statements_covered_display": "0"}, "missing_lines": [1336, 1337], "excluded_lines": [], "start_line": 1335}, "pca.get_scores": {"executed_lines": [1340, 1341], "summary": {"covered_lines": 2, "num_statements": 2, "percent_covered": 100.0, "percent_covered_display": "100", "missing_lines": 0, "excluded_lines": 0, "percent_statements_covered": 100.0, "percent_statements_covered_display": "100"}, "missing_lines": [], "excluded_lines": [], "start_line": 1339}, "pca.get_loadings": {"executed_lines": [1344, 1345], "summary": {"covered_lines": 2, "num_statements": 2, "percent_covered": 100.0, "percent_covered_display": "100", "missing_lines": 0, "excluded_lines": 0, "percent_statements_covered": 100.0, "percent_statements_covered_display": "100"}, "missing_lines": [], "excluded_lines": [], "start_line": 1343}, "pca.get_q2_test": {"executed_lines": [1348, 1349], "summary": {"covered_lines": 2, "num_statements": 2, "percent_covered": 100.0, "percent_covered_display": "100", "missing_lines": 0, "excluded_lines": 0, "percent_statements_covered": 100.0, "percent_statements_covered_display": "100"}, "missing_lines": [], "excluded_lines": [], "start_line": 1347}, "pca.plot_observe_variance": {"executed_lines": [], "summary": {"covered_lines": 0, "num_statements": 6, "percent_covered": 0.0, "percent_covered_display": "0", "missing_lines": 6, "excluded_lines": 0, "percent_statements_covered": 0.0, "percent_statements_covered_display": "0"}, "missing_lines": [1363, 1365, 1367, 1372, 1379, 1380], "excluded_lines": [], "start_line": 1351}, "pca.plot_cumulative_observed": {"executed_lines": [], "summary": {"covered_lines": 0, "num_statements": 7, "percent_covered": 0.0, "percent_covered_display": "0", "missing_lines": 7, "excluded_lines": 0, "percent_statements_covered": 0.0, "percent_statements_covered_display": "0"}, "missing_lines": [1395, 1397, 1399, 1407, 1415, 1417, 1425], "excluded_lines": [], "start_line": 1383}, "pca.plot_pca_scores": {"executed_lines": [], "summary": {"covered_lines": 0, "num_statements": 59, "percent_covered": 0.0, "percent_covered_display": "0", "missing_lines": 59, "excluded_lines": 0, "percent_statements_covered": 0.0, "percent_statements_covered_display": "0"}, "missing_lines": [1473, 1475, 1476, 1477, 1478, 1480, 1481, 1482, 1484, 1487, 1488, 1489, 1491, 1492, 1494, 1497, 1498, 1499, 1502, 1503, 1504, 1506, 1510, 1511, 1512, 1513, 1515, 1516, 1517, 1518, 1523, 1524, 1525, 1529, 1530, 1533, 1535, 1539, 1540, 1541, 1543, 1545, 1546, 1549, 1563, 1567, 1571, 1583, 1595, 1596, 1598, 1602, 1607, 1608, 1609, 1610, 1611, 1618, 1620], "excluded_lines": [], "start_line": 1429}, "pca.plot_loading_": {"executed_lines": [], "summary": {"covered_lines": 0, "num_statements": 12, "percent_covered": 0.0, "percent_covered_display": "0", "missing_lines": 12, "excluded_lines": 0, "percent_statements_covered": 0.0, "percent_statements_covered_display": "0"}, "missing_lines": [1647, 1648, 1650, 1651, 1654, 1658, 1659, 1660, 1666, 1668, 1669, 1672], "excluded_lines": [], "start_line": 1624}, "pca.plot_pca_trajectory": {"executed_lines": [], "summary": {"covered_lines": 0, "num_statements": 46, "percent_covered": 0.0, "percent_covered_display": "0", "missing_lines": 46, "excluded_lines": 0, "percent_statements_covered": 0.0, "percent_statements_covered_display": "0"}, "missing_lines": [1685, 1686, 1687, 1688, 1689, 1691, 1692, 1693, 1694, 1695, 1696, 1699, 1700, 1703, 1704, 1706, 1709, 1710, 1712, 1715, 1716, 1718, 1719, 1721, 1722, 1725, 1726, 1727, 1728, 1729, 1731, 1732, 1734, 1735, 1738, 1752, 1753, 1754, 1762, 1767, 1768, 1769, 1776, 1778, 1782, 1787], "excluded_lines": [], "start_line": 1679}, "pca.plot_3d_pca": {"e
[...]
mmary": {"covered_lines": 12, "num_statements": 14, "percent_covered": 85.71428571428571, "percent_covered_display": "86", "missing_lines": 2, "excluded_lines": 0, "percent_statements_covered": 85.71428571428571, "percent_statements_covered_display": "86"}, "missing_lines": [27, 29], "excluded_lines": [], "start_line": 25}, "lazypair.get_index": {"executed_lines": [], "summary": {"covered_lines": 0, "num_statements": 2, "percent_covered": 0.0, "percent_covered_display": "0", "missing_lines": 2, "excluded_lines": 0, "percent_statements_covered": 0.0, "percent_statements_covered_display": "0"}, "missing_lines": [48, 49], "excluded_lines": [], "start_line": 47}, "lazypair.get_name": {"executed_lines": [], "summary": {"covered_lines": 0, "num_statements": 2, "percent_covered": 0.0, "percent_covered_display": "0", "missing_lines": 2, "excluded_lines": 0, "percent_statements_covered": 0.0, "percent_statements_covered_display": "0"}, "missing_lines": [52, 53], "excluded_lines": [], "start_line": 51}, "lazypair.get_meta": {"executed_lines": [], "summary": {"covered_lines": 0, "num_statements": 3, "percent_covered": 0.0, "percent_covered_display": "0", "missing_lines": 3, "excluded_lines": 0, "percent_statements_covered": 0.0, "percent_statements_covered_display": "0"}, "missing_lines": [56, 57, 58], "excluded_lines": [], "start_line": 55}, "lazypair.get_column_name": {"executed_lines": [], "summary": {"covered_lines": 0, "num_statements": 2, "percent_covered": 0.0, "percent_covered_display": "0", "missing_lines": 2, "excluded_lines": 0, "percent_statements_covered": 0.0, "percent_statements_covered_display": "0"}, "missing_lines": [61, 62], "excluded_lines": [], "start_line": 60}, "lazypair.get_dataset": {"executed_lines": [65, 66, 67, 68, 69, 72, 73], "summary": {"covered_lines": 7, "num_statements": 7, "percent_covered": 100.0, "percent_covered_display": "100", "missing_lines": 0, "excluded_lines": 0, "percent_statements_covered": 100.0, "percent_statements_covered_display": "100"}, "missing_lines": [], "excluded_lines": [], "start_line": 64}, "gen_page.__init__": {"executed_lines": [], "summary": {"covered_lines": 0, "num_statements": 21, "percent_covered": 0.0, "percent_covered_display": "0", "missing_lines": 21, "excluded_lines": 0, "percent_statements_covered": 0.0, "percent_statements_covered_display": "0"}, "missing_lines": [86, 87, 89, 90, 93, 94, 97, 98, 101, 102, 103, 104, 105, 106, 107, 108, 109, 110, 111, 112, 117], "excluded_lines": [], "start_line": 77}, "gen_page.get_files": {"executed_lines": [], "summary": {"covered_lines": 0, "num_statements": 21, "percent_covered": 0.0, "percent_covered_display": "0", "missing_lines": 21, "excluded_lines": 0, "percent_statements_covered": 0.0, "percent_statements_covered_display": "0"}, "missing_lines": [121, 124, 125, 126, 127, 128, 129, 131, 134, 135, 136, 138, 140, 143, 144, 210, 212, 214, 215, 216, 218], "excluded_lines": [], "start_line": 119}, "oplsda_path.__init__": {"executed_lines": [], "summary": {"covered_lines": 0, "num_statements": 8, "percent_covered": 0.0, "percent_covered_display": "0", "missing_lines": 8, "excluded_lines": 0, "percent_statements_covered": 0.0, "percent_statements_covered_display": "0"}, "missing_lines": [236, 237, 240, 241, 244, 245, 249, 251], "excluded_lines": [], "start_line": 223}, "oplsda_path.make_path": {"executed_lines": [], "summary": {"covered_lines": 0, "num_statements": 13, "percent_covered": 0.0, "percent_covered_display": "0", "missing_lines": 13, "excluded_lines": 0, "percent_statements_covered": 0.0, "percent_statements_covered_display": "0"}, "missing_lines": [260, 263, 264, 265, 266, 267, 268, 269, 270, 271, 274, 285, 286], "excluded_lines": [], "start_line": 255}, "oplsda_path.get_path": {"executed_lines": [], "summary": {"covered_lines": 0, "num_statements": 2, "percent_covered": 0.0, "percent_covered_display": "0", "missing_lines": 2, "excluded_lines": 0, "percent_statements_covered": 0.0, "percent_statements_covered_display": "0"}, "missing_lines": [289, 290], "excluded_lines": [], "start_line": 288}, "Normality_distribution.__init__": {"executed_lines": [], "summary": {"covered_lines": 0, "num_statements": 12, "percent_covered": 0.0, "percent_covered_display": "0", "missing_lines": 12, "excluded_lines": 0, "percent_statements_covered": 0.0, "percent_statements_covered_display": "0"}, "missing_lines": [297, 299, 300, 301, 302, 303, 305, 316, 317, 319, 329, 331], "excluded_lines": [], "start_line": 296}, "Normality_distribution.__init__.memory_size": {"executed_lines": [], "summary": {"covered_lines": 0, "num_statements": 7, "percent_covered": 0.0, "percent_covered_display": "0", "missing_lines": 7, "excluded_lines": 0, "percent_statements_covered": 0.0, "percent_statements_covered_display": "0"}, "missing_lines": [322, 323, 324, 325, 326, 327, 328], "excluded_lines": [], "start_line": 319}, "Normality_distribution.plot_distribution": {"executed_lines": [], "summary": {"covered_lines": 0, "num_statements": 16, "percent_covered": 0.0, "percent_covered_display": "0", "missing_lines": 16, "excluded_lines": 0, "percent_statements_covered": 0.0, "percent_statements_covered_display": "0"}, "missing_lines": [335, 336, 337, 338, 339, 341, 343, 355, 356, 357, 358, 360, 361, 362, 363, 365], "excluded_lines": [], "start_line": 333}, "Normality_distribution.pca_distributions": {"executed_lines": [], "summary": {"covered_lines": 0, "num_statements": 21, "percent_covered": 0.0, "percent_covered_display": "0", "missing_lines": 21, "excluded_lines": 0, "percent_statements_covered": 0.0, "percent_statements_covered_display": "0"}, "missing_lines": [369, 370, 371, 372, 373, 374, 384, 386, 388, 389, 390, 391, 392, 393, 394, 395, 397, 398, 399, 400, 402], "excluded_lines": [], "start_line": 367}, "Normalise.__init__": {"executed_lines": [408, 409, 410, 420, 422, 423, 424, 425, 427, 429, 430, 432, 442, 444], "summary": {"covered_lines": 14, "num_statements": 14, "percent_covered": 100.0, "percent_covered_display": "100", "missing_lines": 0, "excluded_lines": 0, "percent_statements_covered": 100.0, "percent_statements_covered_display": "100"}, "missing_lines": [], "excluded_lines": [], "start_line": 407}, "Normalise.__init__.memory_size": {"executed_lines": [435, 436, 437, 438, 439], "summary": {"covered_lines": 5, "num_statements": 7, "percent_covered": 71.42857142857143, "percent_covered_display": "71", "missing_lines": 2, "excluded_lines": 0, "percent_statements_covered": 71.42857142857143, "percent_statements_covered_display": "71"}, "missing_lines": [440, 441], "excluded_lines": [], "start_line": 432}, "Normalise.pqn_normalise": {"executed_lines": [448, 449, 450, 452, 461, 462, 463, 465, 467, 468, 469, 471, 472, 474, 475, 477, 497], "summary": {"covered_lines": 17, "num_statements": 32, "percent_covered": 53.125, "percent_covered_display": "53", "missing_lines": 15, "excluded_lines": 0, "percent_statements_covered": 53.125, "percent_statements_covered_display": "53"}, "missing_lines": [478, 479, 480, 481, 482, 483, 484, 487, 488, 490, 491, 492, 493, 494, 495], "excluded_lines": [], "start_line": 447}, "Normalise.decimal_place_normalisation": {"executed_lines": [507, 508], "summary": {"covered_lines": 2, "num_statements": 2, "percent_covered": 100.0, "percent_covered_display": "100", "missing_lines": 0, "excluded_lines": 0, "percent_statements_covered": 100.0, "percent_statements_covered_display": "100"}, "missing_lines": [], "excluded_lines": [], "start_line": 499}, "Normalise.z_score_normalisation": {"executed_lines": [515, 516, 518], "summary": {"covered_lines": 3, "num_statements": 3, "percent_covered": 100.0, "percent_covered_display": "100", "missing_lines": 0, "excluded_lines": 0, "percent_statements_covered": 100.0, "percent_statements_covered_display": "100"}, "missing_lines": [], "excluded_lines": [], "start_line": 511}, "Normalise.linear_normalisation": {"executed_lines": [524, 525, 527], "summary": {"covered_lines": 3, "num_statements": 3, "percent_covered": 100.0, "percent_covered_display": "100", "missing_lines": 0, "excluded_lines": 0, "percent_statements_covered": 100.0, "percent_statements_covered_display": "100"}, "missing_lines": [], "excluded_lines": [], "start_line": 520}, "Normalise.normalize_to_100": {"executed_lines": [], "summary": {"covered_lines": 0, "num_statements": 3, "percent_covered": 0.0, "percent_covered_display": "0", "missing_lines": 3, "excluded_lines": 0, "percent_statements_covered": 0.0, "percent_statements_covered_display": "0"}, "missing_lines": [533, 534, 536], "excluded_lines": [], "start_line": 529}, "Normalise.clipping_normalisation": {"executed_lines": [], "summary": {"covered_lines": 0, "num_statements": 2, "percent_covered": 0.0, "percent_covered_display": "0", "missing_lines": 2, "excluded_lines": 0, "percent_statements_covered": 0.0, "percent_statements_covered_display": "0"}, "missing_lines": [548, 550], "excluded_lines": [], "start_line": 538}, "Normalise.standard_deviation_normalisation": {"executed_lines": [], "summary": {"covered_lines": 0, "num_statements": 5, "percent_covered": 0.0, "percent_covered_display": "0", "missing_lines": 5, "excluded_lines": 0, "percent_statements_covered": 0.0, "percent_statements_covered_display": "0"}, "missing_lines": [556, 557, 558, 559, 561], "excluded_lines": [], "start_line": 552}, "project_name_generator": {"executed_lines": [567, 568, 570, 572, 573, 575, 609, 610], "summary": {"covered_lines": 8, "num_statements": 8, "percent_covered": 100.0, "percent_covered_display": "100", "missing_lines": 0, "excluded_lines": 0, "percent_statements_covered": 100.0, "percent_statements_covered_display": "100"}, "missing_lines": [], "excluded_lines": [], "start_line": 564}, "UnivarStats.__init__": {"executed_lines": [], "summary": {"covered_lines": 0, "num_statements": 18, "percent_covered": 0.0, "percent_covered_display": "0", "missing_lines": 18, "excluded_lines": 0, "percent_statements_covered": 0.0, "percent_statements_covered_display": "0"}, "missing_lines": [701, 702, 703, 704, 705, 706, 707, 708, 709, 710, 711, 712, 713, 714, 715, 716, 717, 718], "excluded_lines": [], "start_line": 680}, "UnivarStats.compute_effsize": {"executed_lines": [], "summary": {"covered_lines": 0, "num_statements": 4, "percent_covered": 0.0, "percent_covered_display": "0", "missing_lines": 4, "excluded_lines": 0, "percent_statements_covered": 0.0, "percent_statements_covered_display": "0"}, "missing_lines": [722, 723, 724, 725], "excluded_lines": [], "start_line": 721}, "UnivarStats.plot": {"executed_lines": [], "summary": {"covered_lines": 0, "num_statements": 92, "percent_covered": 0.0, "percent_covered_display": "0", "missing_lines": 92, "excluded_lines": 0, "percent_statements_covered": 0.0, "percent_statements_covered_display": "0"}, "missing_lines": [728, 729, 730, 731, 733, 734, 736, 737, 738, 739, 741, 742, 743, 744, 746, 747, 749, 750, 751, 752, 753, 754, 756, 757, 758, 759, 761, 762, 763, 764, 765, 766, 768, 769, 770, 771, 773, 775, 777, 778, 779, 782, 783, 785, 786, 787, 788, 790, 793, 801, 802, 807, 808, 814, 816, 817, 818, 819, 820, 821, 822, 824, 825, 826, 827, 829, 830, 831, 832, 833, 834, 835, 836, 837, 839, 841, 843, 844, 845, 847, 856, 864, 865, 867, 868, 884, 885, 890, 891, 892, 901, 902], "excluded_lines": [], "start_line": 727}, "UnivarStats.get_stats_table": {"executed_lines": [], "summary": {"covered_lines": 0, "num_statements": 2, "percent_covered": 0.0, "percent_covered_display": "0", "missing_lines": 2, "excluded_lines": 0, "percent_statements_covered": 0.0, "percent_statements_covered_display": "0"}, "missing_lines": [906, 907], "excluded_lines": [], "start_line": 904}, "": {"executed_lines": [3, 4, 6, 7, 8, 9, 12, 13, 14, 15, 16, 17, 20, 22, 25, 47, 51, 55, 60, 64, 75, 77, 119, 221, 223, 255, 288, 294, 296, 333, 367, 405, 407, 447, 499, 511, 520, 529, 538, 552, 564, 612, 613, 614, 615, 616, 617, 618, 619, 620, 622, 623, 624, 625, 626, 627, 628, 629, 630, 633, 680, 720, 721, 727, 904], "summary": {"covered_lines": 65, "num_statements": 65, "percent_covered": 100.0, "percent_covered_display": "100", "missing_lines": 0, "excluded_lines": 0, "percent_statements_covered": 100.0, "percent_statements_covered_display": "100"}, "missing_lines": [], "excluded_lines": [], "start_line": 1}}, "classes": {"lazypair": {"executed_lines": [26, 28, 30, 31, 32, 33, 35, 36, 38, 39, 40, 45, 65, 66, 67, 68, 69, 72, 73], "summary": {"covered_lines": 19, "num_statements": 30, "percent_covered": 63.333333333333336, "percent_covered_display": "63", "missing_lines": 11, "excluded_lines": 0, "percent_statements_covered": 63.333333333333336, "percent_statements_covered_display": "63"}, "missing_lines": [27, 29, 48, 49, 52, 53, 56, 57, 58, 61, 62], "excluded_lines": [], "start_line": 22}, "gen_page": {"executed_lines": [], "summary": {"covered_lines": 0, "num_statements": 42, "percent_covered": 0.0, "percent_covered_display": "0", "missing_lines": 42, "excluded_lines": 0, "percent_statements_covered": 0.0, "percent_statements_covered_display": "0"}, "missing_lines": [86, 87, 89, 90, 93, 94, 97, 98, 101, 102, 103, 104, 105, 106, 107, 108, 109, 110, 111, 112, 117, 121, 124, 125, 126, 127, 128, 129, 131, 134, 135, 136, 138, 140, 143, 144, 210, 212, 214, 215, 216, 218], "excluded_lines": [], "start_line": 75}, "oplsda_path": {"executed_lines": [], "summary": {"covered_lines": 0, "num_statements": 23, "percent_covered": 0.0, "percent_covered_display": "0", "missing_lines": 23, "excluded_lines": 0, "percent_statements_covered": 0.0, "percent_statements_covered_display": "0"}, "missing_lines": [236, 237, 240, 241, 244, 245, 249, 251, 260, 263, 264, 265, 266, 267, 268, 269, 270, 271, 274, 285, 286, 289, 290], "excluded_lines": [], "start_line": 221}, "Normality_distribution": {"executed_lines": [], "summary": {"covered_lines": 0, "num_statements": 56, "percent_covered": 0.0, "percent_covered_display": "0", "missing_lines": 56, "excluded_lines": 0, "percent_statements_covered": 0.0, "percent_statements_covered_display": "0"}, "missing_lines": [297, 299, 300, 301, 302, 303, 305, 316, 317, 319, 322, 323, 324, 325, 326, 327, 328, 329, 331, 335, 336, 337, 338, 339, 341, 343, 355, 356, 357, 358, 360, 361, 362, 363, 365, 369, 370, 371, 372, 373, 374, 384, 386, 388, 389, 390, 391, 392, 393, 394, 395, 397, 398, 399, 400, 402], "excluded_lines": [], "start_line": 294}, "Normalise": {"executed_lines": [408, 409, 410, 420, 422, 423, 424, 425, 427, 429, 430, 432, 435, 436, 437, 438, 439, 442, 444, 448, 449, 450, 452, 461, 462, 463, 465, 467, 468, 469, 471, 472, 474, 475, 477, 497, 507, 508, 515, 516, 518, 524, 525, 527], "summary": {"covered_lines": 44, "num_statements": 71, "percent_covered": 61.971830985915496, "percent_covered_display": "62", "missing_lines": 27, "excluded_lines": 0, "percent_statements_covered": 61.971830985915496, "percent_statements_covered_display": "62"}, "missing_lines": [440, 441, 478, 479, 480, 481, 482, 483, 484, 487, 488, 490, 491, 492, 493, 494, 495, 533, 534, 536, 548, 550, 556, 557, 558, 559, 561], "excluded_lines": [], "start_line": 405}, "UnivarStats": {"executed_lines": [], "summary": {"covered_lines": 0, "num_statements": 116, "percent_covered": 0.0, "percent_covered_display": "0", "missing_lines": 116, "excluded_lines": 0, "percent_statements_covered": 0.0, "percent_statements_covered_display": "0"}, "missing_lines": [701, 702, 703, 704, 705, 706, 707, 708, 709, 710, 711, 712, 713, 714, 715, 716, 717, 718, 722, 723, 724, 725, 728, 729, 730, 731, 733, 734, 736, 737, 738, 739, 741, 742, 743, 744, 746, 747, 749, 750, 751, 752, 753, 754, 756, 757, 758, 759, 761, 762, 763, 764, 765, 766, 768, 769, 770, 771, 773, 775, 777, 778, 779, 782, 783, 785, 786, 787, 788, 790, 793, 801, 802, 807, 808, 814, 816, 817, 818, 819, 820, 821, 822, 824, 825, 826, 827, 829, 830, 831, 832, 833, 834, 835, 836, 837, 839, 841, 843, 844, 845, 847, 856, 864, 865, 867, 868, 884, 885, 890, 891, 892, 901, 902, 906, 907], "excluded_lines": [], "start_line": 633}, "": {"executed_lines": [3, 4, 6, 7, 8, 9, 12, 13, 14, 15, 16, 17, 20, 22, 25, 47, 51, 55, 60, 64, 75, 77, 119, 221, 223, 255, 288, 294, 296, 333, 367, 405, 407, 447, 499, 511, 520, 529, 538, 552, 564, 567, 568, 570, 572, 573, 575, 609, 610, 612, 613, 614, 615, 616, 617, 618, 619, 620, 622, 623, 624, 625, 626, 627, 628, 629, 630, 633, 680, 720, 721, 727, 904], "summary": {"covered_lines": 73, "num_statements": 73, "percent_covered": 100.0, "percent_covered_display": "100", "missing_lines": 0, "excluded_lines": 0, "percent_statements_covered": 100.0, "percent_statements_covered_display": "100"}, "missing_lines": [], "excluded_lines": [], "start_line": 1}}}, "metbit/vip.py": {"executed_lines": [], "summary": {"covered_lines": 0, "num_statements": 64, "percent_covered": 0.0, "percent_covered_display": "0", "missing_lines": 64, "excluded_lines": 0, "percent_statements_covered": 0.0, "percent_statements_covered_display": "0"}, "missing_lines": [3, 4, 6, 7, 8, 9, 11, 12, 14, 17, 18, 20, 21, 24, 25, 26, 27, 28, 29, 30, 31, 32, 33, 35, 36, 37, 39, 40, 43, 45, 47, 48, 49, 52, 54, 55, 57, 58, 59, 60, 61, 62, 63, 64, 65, 66, 75, 78, 82, 84, 88, 89, 90, 91, 92, 93, 94, 95, 96, 97, 99, 100, 101, 102], "excluded_lines": [], "functions": {"vip_scores.__init__": {"executed_lines": [], "summary": {"covered_lines": 0, "num_statements": 20, "percent_covered": 0.0, "percent_covered_display": "0", "missing_lines": 20, "excluded_lines": 0, "percent_statements_covered": 0.0, "percent_statements_covered_display": "0"}, "missing_lines": [18, 20, 21, 24, 25, 26, 27, 28, 29, 30, 31, 32, 33, 35, 36, 37, 39, 40, 43, 45], "excluded_lines": [], "start_line": 17}, "vip_scores.get_scores": {"executed_lines": [], "summary": {"covered_lines": 0, "num_statements": 2, "percent_covered": 0.0, "percent_covered_display": "0", "missing_lines": 2, "excluded_lines": 0, "percent_statements_covered": 0.0, "percent_statements_covered_display": "0"}, "missing_lines": [48, 49], "excluded_lines": [], "start_line": 47}, "vip_scores.vip_plot": {"executed_lines": [], "summary": {"covered_lines": 0, "num_statements": 16, "percent_covered": 0.0, "percent_covered_display": "0", "missing_lines": 16, "excluded_lines": 0, "percent_statements_covered": 0.0, "percent_statements_covered_display": "0"}, "missing_lines": [54, 55, 57, 58, 59, 60, 61, 62, 63, 64, 65, 66, 75, 78, 82, 84], "excluded_lines": [], "start_line": 52}, "": {"executed_lines": [], "summary": {"covered_lines": 0, "num_statements": 26, "percent_covered": 0.0, "percent_covered_display": "0", "missing_lines": 26, "excluded_lines": 0, "percent_statements_covered": 0.0, "percent_statements_covered_display": "0"}, "missing_lines": [3, 4, 6, 7, 8, 9, 11, 12, 14, 17, 47, 52, 88, 89, 90, 91, 92, 93, 94, 95, 96, 97, 99, 100, 101, 102], "excluded_lines": [], "start_line": 1}}, "classes": {"vip_scores": {"executed_lines": [], "summary": {"covered_lines": 0, "num_statements": 38, "percent_covered": 0.0, "percent_covered_display": "0", "missing_lines": 38, "excluded_lines": 0, "percent_statements_covered": 0.0, "percent_statements_covered_display": "0"}, "missing_lines": [18, 20, 21, 24, 25, 26, 27, 28, 29, 30, 31, 32, 33, 35, 36, 37, 39, 40, 43, 45, 48, 49, 54, 55, 57, 58, 59, 60, 61, 62, 63, 64, 65, 66, 75, 78, 82, 84], "excluded_lines": [], "start_line": 14}, "": {"executed_lines": [], "summary": {"covered_lines": 0, "num_statements": 26, "percent_covered": 0.0, "percent_covered_display": "0", "missing_lines": 26, "excluded_lines": 0, "percent_statements_covered": 0.0, "percent_statements_covered_display": "0"}, "missing_lines": [3, 4, 6, 7, 8, 9, 11, 12, 14, 17, 47, 52, 88, 89, 90, 91, 92, 93, 94, 95, 96, 97, 99, 100, 101, 102], "excluded_lines": [], "start_line": 1}}}}, "totals": {"covered_lines": 772, "num_statements": 3649, "percent_covered": 21.156481227733625, "percent_covered_display": "21", "missing_lines": 2877, "excluded_lines": 10, "percent_statements_covered": 21.156481227733625, "percent_statements_covered_display": "21"}}